#! /usr/bin/vvp
:ivl_version "11.0 (stable)";
:ivl_delay_selection "TYPICAL";
:vpi_time_precision + 0;
:vpi_module "/usr/lib/x86_64-linux-gnu/ivl/system.vpi";
:vpi_module "/usr/lib/x86_64-linux-gnu/ivl/vhdl_sys.vpi";
:vpi_module "/usr/lib/x86_64-linux-gnu/ivl/vhdl_textio.vpi";
:vpi_module "/usr/lib/x86_64-linux-gnu/ivl/v2005_math.vpi";
:vpi_module "/usr/lib/x86_64-linux-gnu/ivl/va_math.vpi";
S_0x559a0f84efe0 .scope module, "usb_tb" "usb_tb" 2 4;
 .timescale 0 0;
v0x559a0f87bfd0_0 .net "data_bus", 7 0, v0x559a0f84f170_0;  1 drivers
v0x559a0f87c0b0_0 .var/i "i", 31 0;
v0x559a0f87c170_0 .var "read_addr", 7 0;
v0x559a0f87c210_0 .var "we", 0 0;
v0x559a0f87c2b0_0 .var "write_addr", 7 0;
v0x559a0f87c3a0_0 .var "write_data", 7 0;
S_0x559a0f8584b0 .scope module, "u0" "usb" 2 34, 3 1 0, S_0x559a0f84efe0;
 .timescale 0 0;
    .port_info 0 /INPUT 8 "read_addr";
    .port_info 1 /INPUT 8 "write_addr";
    .port_info 2 /INPUT 8 "write_data";
    .port_info 3 /INPUT 1 "we";
    .port_info 4 /OUTPUT 8 "data";
P_0x559a0f81d530 .param/l "BUSWIDTH" 0 3 3, +C4<00000000000000000000000000001000>;
P_0x559a0f81d570 .param/str "DRIVEFILE" 0 3 4, "usb.mem";
P_0x559a0f81d5b0 .param/l "DRIVESIZE" 0 3 2, +C4<00000000000000000000000100000000>;
v0x559a0f84f170_0 .var "data", 7 0;
v0x559a0f879110_0 .var/i "j", 31 0;
v0x559a0f8791f0_0 .var/i "k", 31 0;
v0x559a0f8792b0 .array "mem", 255 0, 7 0;
v0x559a0f87bb80_0 .net "read_addr", 7 0, v0x559a0f87c170_0;  1 drivers
v0x559a0f87bcb0_0 .net "we", 0 0, v0x559a0f87c210_0;  1 drivers
v0x559a0f87bd70_0 .net "write_addr", 7 0, v0x559a0f87c2b0_0;  1 drivers
v0x559a0f87be50_0 .net "write_data", 7 0, v0x559a0f87c3a0_0;  1 drivers
E_0x559a0f8544b0/0 .event edge, v0x559a0f87bcb0_0, v0x559a0f87be50_0, v0x559a0f87bd70_0, v0x559a0f8791f0_0;
v0x559a0f8792b0_0 .array/port v0x559a0f8792b0, 0;
v0x559a0f8792b0_1 .array/port v0x559a0f8792b0, 1;
v0x559a0f8792b0_2 .array/port v0x559a0f8792b0, 2;
v0x559a0f8792b0_3 .array/port v0x559a0f8792b0, 3;
E_0x559a0f8544b0/1 .event edge, v0x559a0f8792b0_0, v0x559a0f8792b0_1, v0x559a0f8792b0_2, v0x559a0f8792b0_3;
v0x559a0f8792b0_4 .array/port v0x559a0f8792b0, 4;
v0x559a0f8792b0_5 .array/port v0x559a0f8792b0, 5;
v0x559a0f8792b0_6 .array/port v0x559a0f8792b0, 6;
v0x559a0f8792b0_7 .array/port v0x559a0f8792b0, 7;
E_0x559a0f8544b0/2 .event edge, v0x559a0f8792b0_4, v0x559a0f8792b0_5, v0x559a0f8792b0_6, v0x559a0f8792b0_7;
v0x559a0f8792b0_8 .array/port v0x559a0f8792b0, 8;
v0x559a0f8792b0_9 .array/port v0x559a0f8792b0, 9;
v0x559a0f8792b0_10 .array/port v0x559a0f8792b0, 10;
v0x559a0f8792b0_11 .array/port v0x559a0f8792b0, 11;
E_0x559a0f8544b0/3 .event edge, v0x559a0f8792b0_8, v0x559a0f8792b0_9, v0x559a0f8792b0_10, v0x559a0f8792b0_11;
v0x559a0f8792b0_12 .array/port v0x559a0f8792b0, 12;
v0x559a0f8792b0_13 .array/port v0x559a0f8792b0, 13;
v0x559a0f8792b0_14 .array/port v0x559a0f8792b0, 14;
v0x559a0f8792b0_15 .array/port v0x559a0f8792b0, 15;
E_0x559a0f8544b0/4 .event edge, v0x559a0f8792b0_12, v0x559a0f8792b0_13, v0x559a0f8792b0_14, v0x559a0f8792b0_15;
v0x559a0f8792b0_16 .array/port v0x559a0f8792b0, 16;
v0x559a0f8792b0_17 .array/port v0x559a0f8792b0, 17;
v0x559a0f8792b0_18 .array/port v0x559a0f8792b0, 18;
v0x559a0f8792b0_19 .array/port v0x559a0f8792b0, 19;
E_0x559a0f8544b0/5 .event edge, v0x559a0f8792b0_16, v0x559a0f8792b0_17, v0x559a0f8792b0_18, v0x559a0f8792b0_19;
v0x559a0f8792b0_20 .array/port v0x559a0f8792b0, 20;
v0x559a0f8792b0_21 .array/port v0x559a0f8792b0, 21;
v0x559a0f8792b0_22 .array/port v0x559a0f8792b0, 22;
v0x559a0f8792b0_23 .array/port v0x559a0f8792b0, 23;
E_0x559a0f8544b0/6 .event edge, v0x559a0f8792b0_20, v0x559a0f8792b0_21, v0x559a0f8792b0_22, v0x559a0f8792b0_23;
v0x559a0f8792b0_24 .array/port v0x559a0f8792b0, 24;
v0x559a0f8792b0_25 .array/port v0x559a0f8792b0, 25;
v0x559a0f8792b0_26 .array/port v0x559a0f8792b0, 26;
v0x559a0f8792b0_27 .array/port v0x559a0f8792b0, 27;
E_0x559a0f8544b0/7 .event edge, v0x559a0f8792b0_24, v0x559a0f8792b0_25, v0x559a0f8792b0_26, v0x559a0f8792b0_27;
v0x559a0f8792b0_28 .array/port v0x559a0f8792b0, 28;
v0x559a0f8792b0_29 .array/port v0x559a0f8792b0, 29;
v0x559a0f8792b0_30 .array/port v0x559a0f8792b0, 30;
v0x559a0f8792b0_31 .array/port v0x559a0f8792b0, 31;
E_0x559a0f8544b0/8 .event edge, v0x559a0f8792b0_28, v0x559a0f8792b0_29, v0x559a0f8792b0_30, v0x559a0f8792b0_31;
v0x559a0f8792b0_32 .array/port v0x559a0f8792b0, 32;
v0x559a0f8792b0_33 .array/port v0x559a0f8792b0, 33;
v0x559a0f8792b0_34 .array/port v0x559a0f8792b0, 34;
v0x559a0f8792b0_35 .array/port v0x559a0f8792b0, 35;
E_0x559a0f8544b0/9 .event edge, v0x559a0f8792b0_32, v0x559a0f8792b0_33, v0x559a0f8792b0_34, v0x559a0f8792b0_35;
v0x559a0f8792b0_36 .array/port v0x559a0f8792b0, 36;
v0x559a0f8792b0_37 .array/port v0x559a0f8792b0, 37;
v0x559a0f8792b0_38 .array/port v0x559a0f8792b0, 38;
v0x559a0f8792b0_39 .array/port v0x559a0f8792b0, 39;
E_0x559a0f8544b0/10 .event edge, v0x559a0f8792b0_36, v0x559a0f8792b0_37, v0x559a0f8792b0_38, v0x559a0f8792b0_39;
v0x559a0f8792b0_40 .array/port v0x559a0f8792b0, 40;
v0x559a0f8792b0_41 .array/port v0x559a0f8792b0, 41;
v0x559a0f8792b0_42 .array/port v0x559a0f8792b0, 42;
v0x559a0f8792b0_43 .array/port v0x559a0f8792b0, 43;
E_0x559a0f8544b0/11 .event edge, v0x559a0f8792b0_40, v0x559a0f8792b0_41, v0x559a0f8792b0_42, v0x559a0f8792b0_43;
v0x559a0f8792b0_44 .array/port v0x559a0f8792b0, 44;
v0x559a0f8792b0_45 .array/port v0x559a0f8792b0, 45;
v0x559a0f8792b0_46 .array/port v0x559a0f8792b0, 46;
v0x559a0f8792b0_47 .array/port v0x559a0f8792b0, 47;
E_0x559a0f8544b0/12 .event edge, v0x559a0f8792b0_44, v0x559a0f8792b0_45, v0x559a0f8792b0_46, v0x559a0f8792b0_47;
v0x559a0f8792b0_48 .array/port v0x559a0f8792b0, 48;
v0x559a0f8792b0_49 .array/port v0x559a0f8792b0, 49;
v0x559a0f8792b0_50 .array/port v0x559a0f8792b0, 50;
v0x559a0f8792b0_51 .array/port v0x559a0f8792b0, 51;
E_0x559a0f8544b0/13 .event edge, v0x559a0f8792b0_48, v0x559a0f8792b0_49, v0x559a0f8792b0_50, v0x559a0f8792b0_51;
v0x559a0f8792b0_52 .array/port v0x559a0f8792b0, 52;
v0x559a0f8792b0_53 .array/port v0x559a0f8792b0, 53;
v0x559a0f8792b0_54 .array/port v0x559a0f8792b0, 54;
v0x559a0f8792b0_55 .array/port v0x559a0f8792b0, 55;
E_0x559a0f8544b0/14 .event edge, v0x559a0f8792b0_52, v0x559a0f8792b0_53, v0x559a0f8792b0_54, v0x559a0f8792b0_55;
v0x559a0f8792b0_56 .array/port v0x559a0f8792b0, 56;
v0x559a0f8792b0_57 .array/port v0x559a0f8792b0, 57;
v0x559a0f8792b0_58 .array/port v0x559a0f8792b0, 58;
v0x559a0f8792b0_59 .array/port v0x559a0f8792b0, 59;
E_0x559a0f8544b0/15 .event edge, v0x559a0f8792b0_56, v0x559a0f8792b0_57, v0x559a0f8792b0_58, v0x559a0f8792b0_59;
v0x559a0f8792b0_60 .array/port v0x559a0f8792b0, 60;
v0x559a0f8792b0_61 .array/port v0x559a0f8792b0, 61;
v0x559a0f8792b0_62 .array/port v0x559a0f8792b0, 62;
v0x559a0f8792b0_63 .array/port v0x559a0f8792b0, 63;
E_0x559a0f8544b0/16 .event edge, v0x559a0f8792b0_60, v0x559a0f8792b0_61, v0x559a0f8792b0_62, v0x559a0f8792b0_63;
v0x559a0f8792b0_64 .array/port v0x559a0f8792b0, 64;
v0x559a0f8792b0_65 .array/port v0x559a0f8792b0, 65;
v0x559a0f8792b0_66 .array/port v0x559a0f8792b0, 66;
v0x559a0f8792b0_67 .array/port v0x559a0f8792b0, 67;
E_0x559a0f8544b0/17 .event edge, v0x559a0f8792b0_64, v0x559a0f8792b0_65, v0x559a0f8792b0_66, v0x559a0f8792b0_67;
v0x559a0f8792b0_68 .array/port v0x559a0f8792b0, 68;
v0x559a0f8792b0_69 .array/port v0x559a0f8792b0, 69;
v0x559a0f8792b0_70 .array/port v0x559a0f8792b0, 70;
v0x559a0f8792b0_71 .array/port v0x559a0f8792b0, 71;
E_0x559a0f8544b0/18 .event edge, v0x559a0f8792b0_68, v0x559a0f8792b0_69, v0x559a0f8792b0_70, v0x559a0f8792b0_71;
v0x559a0f8792b0_72 .array/port v0x559a0f8792b0, 72;
v0x559a0f8792b0_73 .array/port v0x559a0f8792b0, 73;
v0x559a0f8792b0_74 .array/port v0x559a0f8792b0, 74;
v0x559a0f8792b0_75 .array/port v0x559a0f8792b0, 75;
E_0x559a0f8544b0/19 .event edge, v0x559a0f8792b0_72, v0x559a0f8792b0_73, v0x559a0f8792b0_74, v0x559a0f8792b0_75;
v0x559a0f8792b0_76 .array/port v0x559a0f8792b0, 76;
v0x559a0f8792b0_77 .array/port v0x559a0f8792b0, 77;
v0x559a0f8792b0_78 .array/port v0x559a0f8792b0, 78;
v0x559a0f8792b0_79 .array/port v0x559a0f8792b0, 79;
E_0x559a0f8544b0/20 .event edge, v0x559a0f8792b0_76, v0x559a0f8792b0_77, v0x559a0f8792b0_78, v0x559a0f8792b0_79;
v0x559a0f8792b0_80 .array/port v0x559a0f8792b0, 80;
v0x559a0f8792b0_81 .array/port v0x559a0f8792b0, 81;
v0x559a0f8792b0_82 .array/port v0x559a0f8792b0, 82;
v0x559a0f8792b0_83 .array/port v0x559a0f8792b0, 83;
E_0x559a0f8544b0/21 .event edge, v0x559a0f8792b0_80, v0x559a0f8792b0_81, v0x559a0f8792b0_82, v0x559a0f8792b0_83;
v0x559a0f8792b0_84 .array/port v0x559a0f8792b0, 84;
v0x559a0f8792b0_85 .array/port v0x559a0f8792b0, 85;
v0x559a0f8792b0_86 .array/port v0x559a0f8792b0, 86;
v0x559a0f8792b0_87 .array/port v0x559a0f8792b0, 87;
E_0x559a0f8544b0/22 .event edge, v0x559a0f8792b0_84, v0x559a0f8792b0_85, v0x559a0f8792b0_86, v0x559a0f8792b0_87;
v0x559a0f8792b0_88 .array/port v0x559a0f8792b0, 88;
v0x559a0f8792b0_89 .array/port v0x559a0f8792b0, 89;
v0x559a0f8792b0_90 .array/port v0x559a0f8792b0, 90;
v0x559a0f8792b0_91 .array/port v0x559a0f8792b0, 91;
E_0x559a0f8544b0/23 .event edge, v0x559a0f8792b0_88, v0x559a0f8792b0_89, v0x559a0f8792b0_90, v0x559a0f8792b0_91;
v0x559a0f8792b0_92 .array/port v0x559a0f8792b0, 92;
v0x559a0f8792b0_93 .array/port v0x559a0f8792b0, 93;
v0x559a0f8792b0_94 .array/port v0x559a0f8792b0, 94;
v0x559a0f8792b0_95 .array/port v0x559a0f8792b0, 95;
E_0x559a0f8544b0/24 .event edge, v0x559a0f8792b0_92, v0x559a0f8792b0_93, v0x559a0f8792b0_94, v0x559a0f8792b0_95;
v0x559a0f8792b0_96 .array/port v0x559a0f8792b0, 96;
v0x559a0f8792b0_97 .array/port v0x559a0f8792b0, 97;
v0x559a0f8792b0_98 .array/port v0x559a0f8792b0, 98;
v0x559a0f8792b0_99 .array/port v0x559a0f8792b0, 99;
E_0x559a0f8544b0/25 .event edge, v0x559a0f8792b0_96, v0x559a0f8792b0_97, v0x559a0f8792b0_98, v0x559a0f8792b0_99;
v0x559a0f8792b0_100 .array/port v0x559a0f8792b0, 100;
v0x559a0f8792b0_101 .array/port v0x559a0f8792b0, 101;
v0x559a0f8792b0_102 .array/port v0x559a0f8792b0, 102;
v0x559a0f8792b0_103 .array/port v0x559a0f8792b0, 103;
E_0x559a0f8544b0/26 .event edge, v0x559a0f8792b0_100, v0x559a0f8792b0_101, v0x559a0f8792b0_102, v0x559a0f8792b0_103;
v0x559a0f8792b0_104 .array/port v0x559a0f8792b0, 104;
v0x559a0f8792b0_105 .array/port v0x559a0f8792b0, 105;
v0x559a0f8792b0_106 .array/port v0x559a0f8792b0, 106;
v0x559a0f8792b0_107 .array/port v0x559a0f8792b0, 107;
E_0x559a0f8544b0/27 .event edge, v0x559a0f8792b0_104, v0x559a0f8792b0_105, v0x559a0f8792b0_106, v0x559a0f8792b0_107;
v0x559a0f8792b0_108 .array/port v0x559a0f8792b0, 108;
v0x559a0f8792b0_109 .array/port v0x559a0f8792b0, 109;
v0x559a0f8792b0_110 .array/port v0x559a0f8792b0, 110;
v0x559a0f8792b0_111 .array/port v0x559a0f8792b0, 111;
E_0x559a0f8544b0/28 .event edge, v0x559a0f8792b0_108, v0x559a0f8792b0_109, v0x559a0f8792b0_110, v0x559a0f8792b0_111;
v0x559a0f8792b0_112 .array/port v0x559a0f8792b0, 112;
v0x559a0f8792b0_113 .array/port v0x559a0f8792b0, 113;
v0x559a0f8792b0_114 .array/port v0x559a0f8792b0, 114;
v0x559a0f8792b0_115 .array/port v0x559a0f8792b0, 115;
E_0x559a0f8544b0/29 .event edge, v0x559a0f8792b0_112, v0x559a0f8792b0_113, v0x559a0f8792b0_114, v0x559a0f8792b0_115;
v0x559a0f8792b0_116 .array/port v0x559a0f8792b0, 116;
v0x559a0f8792b0_117 .array/port v0x559a0f8792b0, 117;
v0x559a0f8792b0_118 .array/port v0x559a0f8792b0, 118;
v0x559a0f8792b0_119 .array/port v0x559a0f8792b0, 119;
E_0x559a0f8544b0/30 .event edge, v0x559a0f8792b0_116, v0x559a0f8792b0_117, v0x559a0f8792b0_118, v0x559a0f8792b0_119;
v0x559a0f8792b0_120 .array/port v0x559a0f8792b0, 120;
v0x559a0f8792b0_121 .array/port v0x559a0f8792b0, 121;
v0x559a0f8792b0_122 .array/port v0x559a0f8792b0, 122;
v0x559a0f8792b0_123 .array/port v0x559a0f8792b0, 123;
E_0x559a0f8544b0/31 .event edge, v0x559a0f8792b0_120, v0x559a0f8792b0_121, v0x559a0f8792b0_122, v0x559a0f8792b0_123;
v0x559a0f8792b0_124 .array/port v0x559a0f8792b0, 124;
v0x559a0f8792b0_125 .array/port v0x559a0f8792b0, 125;
v0x559a0f8792b0_126 .array/port v0x559a0f8792b0, 126;
v0x559a0f8792b0_127 .array/port v0x559a0f8792b0, 127;
E_0x559a0f8544b0/32 .event edge, v0x559a0f8792b0_124, v0x559a0f8792b0_125, v0x559a0f8792b0_126, v0x559a0f8792b0_127;
v0x559a0f8792b0_128 .array/port v0x559a0f8792b0, 128;
v0x559a0f8792b0_129 .array/port v0x559a0f8792b0, 129;
v0x559a0f8792b0_130 .array/port v0x559a0f8792b0, 130;
v0x559a0f8792b0_131 .array/port v0x559a0f8792b0, 131;
E_0x559a0f8544b0/33 .event edge, v0x559a0f8792b0_128, v0x559a0f8792b0_129, v0x559a0f8792b0_130, v0x559a0f8792b0_131;
v0x559a0f8792b0_132 .array/port v0x559a0f8792b0, 132;
v0x559a0f8792b0_133 .array/port v0x559a0f8792b0, 133;
v0x559a0f8792b0_134 .array/port v0x559a0f8792b0, 134;
v0x559a0f8792b0_135 .array/port v0x559a0f8792b0, 135;
E_0x559a0f8544b0/34 .event edge, v0x559a0f8792b0_132, v0x559a0f8792b0_133, v0x559a0f8792b0_134, v0x559a0f8792b0_135;
v0x559a0f8792b0_136 .array/port v0x559a0f8792b0, 136;
v0x559a0f8792b0_137 .array/port v0x559a0f8792b0, 137;
v0x559a0f8792b0_138 .array/port v0x559a0f8792b0, 138;
v0x559a0f8792b0_139 .array/port v0x559a0f8792b0, 139;
E_0x559a0f8544b0/35 .event edge, v0x559a0f8792b0_136, v0x559a0f8792b0_137, v0x559a0f8792b0_138, v0x559a0f8792b0_139;
v0x559a0f8792b0_140 .array/port v0x559a0f8792b0, 140;
v0x559a0f8792b0_141 .array/port v0x559a0f8792b0, 141;
v0x559a0f8792b0_142 .array/port v0x559a0f8792b0, 142;
v0x559a0f8792b0_143 .array/port v0x559a0f8792b0, 143;
E_0x559a0f8544b0/36 .event edge, v0x559a0f8792b0_140, v0x559a0f8792b0_141, v0x559a0f8792b0_142, v0x559a0f8792b0_143;
v0x559a0f8792b0_144 .array/port v0x559a0f8792b0, 144;
v0x559a0f8792b0_145 .array/port v0x559a0f8792b0, 145;
v0x559a0f8792b0_146 .array/port v0x559a0f8792b0, 146;
v0x559a0f8792b0_147 .array/port v0x559a0f8792b0, 147;
E_0x559a0f8544b0/37 .event edge, v0x559a0f8792b0_144, v0x559a0f8792b0_145, v0x559a0f8792b0_146, v0x559a0f8792b0_147;
v0x559a0f8792b0_148 .array/port v0x559a0f8792b0, 148;
v0x559a0f8792b0_149 .array/port v0x559a0f8792b0, 149;
v0x559a0f8792b0_150 .array/port v0x559a0f8792b0, 150;
v0x559a0f8792b0_151 .array/port v0x559a0f8792b0, 151;
E_0x559a0f8544b0/38 .event edge, v0x559a0f8792b0_148, v0x559a0f8792b0_149, v0x559a0f8792b0_150, v0x559a0f8792b0_151;
v0x559a0f8792b0_152 .array/port v0x559a0f8792b0, 152;
v0x559a0f8792b0_153 .array/port v0x559a0f8792b0, 153;
v0x559a0f8792b0_154 .array/port v0x559a0f8792b0, 154;
v0x559a0f8792b0_155 .array/port v0x559a0f8792b0, 155;
E_0x559a0f8544b0/39 .event edge, v0x559a0f8792b0_152, v0x559a0f8792b0_153, v0x559a0f8792b0_154, v0x559a0f8792b0_155;
v0x559a0f8792b0_156 .array/port v0x559a0f8792b0, 156;
v0x559a0f8792b0_157 .array/port v0x559a0f8792b0, 157;
v0x559a0f8792b0_158 .array/port v0x559a0f8792b0, 158;
v0x559a0f8792b0_159 .array/port v0x559a0f8792b0, 159;
E_0x559a0f8544b0/40 .event edge, v0x559a0f8792b0_156, v0x559a0f8792b0_157, v0x559a0f8792b0_158, v0x559a0f8792b0_159;
v0x559a0f8792b0_160 .array/port v0x559a0f8792b0, 160;
v0x559a0f8792b0_161 .array/port v0x559a0f8792b0, 161;
v0x559a0f8792b0_162 .array/port v0x559a0f8792b0, 162;
v0x559a0f8792b0_163 .array/port v0x559a0f8792b0, 163;
E_0x559a0f8544b0/41 .event edge, v0x559a0f8792b0_160, v0x559a0f8792b0_161, v0x559a0f8792b0_162, v0x559a0f8792b0_163;
v0x559a0f8792b0_164 .array/port v0x559a0f8792b0, 164;
v0x559a0f8792b0_165 .array/port v0x559a0f8792b0, 165;
v0x559a0f8792b0_166 .array/port v0x559a0f8792b0, 166;
v0x559a0f8792b0_167 .array/port v0x559a0f8792b0, 167;
E_0x559a0f8544b0/42 .event edge, v0x559a0f8792b0_164, v0x559a0f8792b0_165, v0x559a0f8792b0_166, v0x559a0f8792b0_167;
v0x559a0f8792b0_168 .array/port v0x559a0f8792b0, 168;
v0x559a0f8792b0_169 .array/port v0x559a0f8792b0, 169;
v0x559a0f8792b0_170 .array/port v0x559a0f8792b0, 170;
v0x559a0f8792b0_171 .array/port v0x559a0f8792b0, 171;
E_0x559a0f8544b0/43 .event edge, v0x559a0f8792b0_168, v0x559a0f8792b0_169, v0x559a0f8792b0_170, v0x559a0f8792b0_171;
v0x559a0f8792b0_172 .array/port v0x559a0f8792b0, 172;
v0x559a0f8792b0_173 .array/port v0x559a0f8792b0, 173;
v0x559a0f8792b0_174 .array/port v0x559a0f8792b0, 174;
v0x559a0f8792b0_175 .array/port v0x559a0f8792b0, 175;
E_0x559a0f8544b0/44 .event edge, v0x559a0f8792b0_172, v0x559a0f8792b0_173, v0x559a0f8792b0_174, v0x559a0f8792b0_175;
v0x559a0f8792b0_176 .array/port v0x559a0f8792b0, 176;
v0x559a0f8792b0_177 .array/port v0x559a0f8792b0, 177;
v0x559a0f8792b0_178 .array/port v0x559a0f8792b0, 178;
v0x559a0f8792b0_179 .array/port v0x559a0f8792b0, 179;
E_0x559a0f8544b0/45 .event edge, v0x559a0f8792b0_176, v0x559a0f8792b0_177, v0x559a0f8792b0_178, v0x559a0f8792b0_179;
v0x559a0f8792b0_180 .array/port v0x559a0f8792b0, 180;
v0x559a0f8792b0_181 .array/port v0x559a0f8792b0, 181;
v0x559a0f8792b0_182 .array/port v0x559a0f8792b0, 182;
v0x559a0f8792b0_183 .array/port v0x559a0f8792b0, 183;
E_0x559a0f8544b0/46 .event edge, v0x559a0f8792b0_180, v0x559a0f8792b0_181, v0x559a0f8792b0_182, v0x559a0f8792b0_183;
v0x559a0f8792b0_184 .array/port v0x559a0f8792b0, 184;
v0x559a0f8792b0_185 .array/port v0x559a0f8792b0, 185;
v0x559a0f8792b0_186 .array/port v0x559a0f8792b0, 186;
v0x559a0f8792b0_187 .array/port v0x559a0f8792b0, 187;
E_0x559a0f8544b0/47 .event edge, v0x559a0f8792b0_184, v0x559a0f8792b0_185, v0x559a0f8792b0_186, v0x559a0f8792b0_187;
v0x559a0f8792b0_188 .array/port v0x559a0f8792b0, 188;
v0x559a0f8792b0_189 .array/port v0x559a0f8792b0, 189;
v0x559a0f8792b0_190 .array/port v0x559a0f8792b0, 190;
v0x559a0f8792b0_191 .array/port v0x559a0f8792b0, 191;
E_0x559a0f8544b0/48 .event edge, v0x559a0f8792b0_188, v0x559a0f8792b0_189, v0x559a0f8792b0_190, v0x559a0f8792b0_191;
v0x559a0f8792b0_192 .array/port v0x559a0f8792b0, 192;
v0x559a0f8792b0_193 .array/port v0x559a0f8792b0, 193;
v0x559a0f8792b0_194 .array/port v0x559a0f8792b0, 194;
v0x559a0f8792b0_195 .array/port v0x559a0f8792b0, 195;
E_0x559a0f8544b0/49 .event edge, v0x559a0f8792b0_192, v0x559a0f8792b0_193, v0x559a0f8792b0_194, v0x559a0f8792b0_195;
v0x559a0f8792b0_196 .array/port v0x559a0f8792b0, 196;
v0x559a0f8792b0_197 .array/port v0x559a0f8792b0, 197;
v0x559a0f8792b0_198 .array/port v0x559a0f8792b0, 198;
v0x559a0f8792b0_199 .array/port v0x559a0f8792b0, 199;
E_0x559a0f8544b0/50 .event edge, v0x559a0f8792b0_196, v0x559a0f8792b0_197, v0x559a0f8792b0_198, v0x559a0f8792b0_199;
v0x559a0f8792b0_200 .array/port v0x559a0f8792b0, 200;
v0x559a0f8792b0_201 .array/port v0x559a0f8792b0, 201;
v0x559a0f8792b0_202 .array/port v0x559a0f8792b0, 202;
v0x559a0f8792b0_203 .array/port v0x559a0f8792b0, 203;
E_0x559a0f8544b0/51 .event edge, v0x559a0f8792b0_200, v0x559a0f8792b0_201, v0x559a0f8792b0_202, v0x559a0f8792b0_203;
v0x559a0f8792b0_204 .array/port v0x559a0f8792b0, 204;
v0x559a0f8792b0_205 .array/port v0x559a0f8792b0, 205;
v0x559a0f8792b0_206 .array/port v0x559a0f8792b0, 206;
v0x559a0f8792b0_207 .array/port v0x559a0f8792b0, 207;
E_0x559a0f8544b0/52 .event edge, v0x559a0f8792b0_204, v0x559a0f8792b0_205, v0x559a0f8792b0_206, v0x559a0f8792b0_207;
v0x559a0f8792b0_208 .array/port v0x559a0f8792b0, 208;
v0x559a0f8792b0_209 .array/port v0x559a0f8792b0, 209;
v0x559a0f8792b0_210 .array/port v0x559a0f8792b0, 210;
v0x559a0f8792b0_211 .array/port v0x559a0f8792b0, 211;
E_0x559a0f8544b0/53 .event edge, v0x559a0f8792b0_208, v0x559a0f8792b0_209, v0x559a0f8792b0_210, v0x559a0f8792b0_211;
v0x559a0f8792b0_212 .array/port v0x559a0f8792b0, 212;
v0x559a0f8792b0_213 .array/port v0x559a0f8792b0, 213;
v0x559a0f8792b0_214 .array/port v0x559a0f8792b0, 214;
v0x559a0f8792b0_215 .array/port v0x559a0f8792b0, 215;
E_0x559a0f8544b0/54 .event edge, v0x559a0f8792b0_212, v0x559a0f8792b0_213, v0x559a0f8792b0_214, v0x559a0f8792b0_215;
v0x559a0f8792b0_216 .array/port v0x559a0f8792b0, 216;
v0x559a0f8792b0_217 .array/port v0x559a0f8792b0, 217;
v0x559a0f8792b0_218 .array/port v0x559a0f8792b0, 218;
v0x559a0f8792b0_219 .array/port v0x559a0f8792b0, 219;
E_0x559a0f8544b0/55 .event edge, v0x559a0f8792b0_216, v0x559a0f8792b0_217, v0x559a0f8792b0_218, v0x559a0f8792b0_219;
v0x559a0f8792b0_220 .array/port v0x559a0f8792b0, 220;
v0x559a0f8792b0_221 .array/port v0x559a0f8792b0, 221;
v0x559a0f8792b0_222 .array/port v0x559a0f8792b0, 222;
v0x559a0f8792b0_223 .array/port v0x559a0f8792b0, 223;
E_0x559a0f8544b0/56 .event edge, v0x559a0f8792b0_220, v0x559a0f8792b0_221, v0x559a0f8792b0_222, v0x559a0f8792b0_223;
v0x559a0f8792b0_224 .array/port v0x559a0f8792b0, 224;
v0x559a0f8792b0_225 .array/port v0x559a0f8792b0, 225;
v0x559a0f8792b0_226 .array/port v0x559a0f8792b0, 226;
v0x559a0f8792b0_227 .array/port v0x559a0f8792b0, 227;
E_0x559a0f8544b0/57 .event edge, v0x559a0f8792b0_224, v0x559a0f8792b0_225, v0x559a0f8792b0_226, v0x559a0f8792b0_227;
v0x559a0f8792b0_228 .array/port v0x559a0f8792b0, 228;
v0x559a0f8792b0_229 .array/port v0x559a0f8792b0, 229;
v0x559a0f8792b0_230 .array/port v0x559a0f8792b0, 230;
v0x559a0f8792b0_231 .array/port v0x559a0f8792b0, 231;
E_0x559a0f8544b0/58 .event edge, v0x559a0f8792b0_228, v0x559a0f8792b0_229, v0x559a0f8792b0_230, v0x559a0f8792b0_231;
v0x559a0f8792b0_232 .array/port v0x559a0f8792b0, 232;
v0x559a0f8792b0_233 .array/port v0x559a0f8792b0, 233;
v0x559a0f8792b0_234 .array/port v0x559a0f8792b0, 234;
v0x559a0f8792b0_235 .array/port v0x559a0f8792b0, 235;
E_0x559a0f8544b0/59 .event edge, v0x559a0f8792b0_232, v0x559a0f8792b0_233, v0x559a0f8792b0_234, v0x559a0f8792b0_235;
v0x559a0f8792b0_236 .array/port v0x559a0f8792b0, 236;
v0x559a0f8792b0_237 .array/port v0x559a0f8792b0, 237;
v0x559a0f8792b0_238 .array/port v0x559a0f8792b0, 238;
v0x559a0f8792b0_239 .array/port v0x559a0f8792b0, 239;
E_0x559a0f8544b0/60 .event edge, v0x559a0f8792b0_236, v0x559a0f8792b0_237, v0x559a0f8792b0_238, v0x559a0f8792b0_239;
v0x559a0f8792b0_240 .array/port v0x559a0f8792b0, 240;
v0x559a0f8792b0_241 .array/port v0x559a0f8792b0, 241;
v0x559a0f8792b0_242 .array/port v0x559a0f8792b0, 242;
v0x559a0f8792b0_243 .array/port v0x559a0f8792b0, 243;
E_0x559a0f8544b0/61 .event edge, v0x559a0f8792b0_240, v0x559a0f8792b0_241, v0x559a0f8792b0_242, v0x559a0f8792b0_243;
v0x559a0f8792b0_244 .array/port v0x559a0f8792b0, 244;
v0x559a0f8792b0_245 .array/port v0x559a0f8792b0, 245;
v0x559a0f8792b0_246 .array/port v0x559a0f8792b0, 246;
v0x559a0f8792b0_247 .array/port v0x559a0f8792b0, 247;
E_0x559a0f8544b0/62 .event edge, v0x559a0f8792b0_244, v0x559a0f8792b0_245, v0x559a0f8792b0_246, v0x559a0f8792b0_247;
v0x559a0f8792b0_248 .array/port v0x559a0f8792b0, 248;
v0x559a0f8792b0_249 .array/port v0x559a0f8792b0, 249;
v0x559a0f8792b0_250 .array/port v0x559a0f8792b0, 250;
v0x559a0f8792b0_251 .array/port v0x559a0f8792b0, 251;
E_0x559a0f8544b0/63 .event edge, v0x559a0f8792b0_248, v0x559a0f8792b0_249, v0x559a0f8792b0_250, v0x559a0f8792b0_251;
v0x559a0f8792b0_252 .array/port v0x559a0f8792b0, 252;
v0x559a0f8792b0_253 .array/port v0x559a0f8792b0, 253;
v0x559a0f8792b0_254 .array/port v0x559a0f8792b0, 254;
v0x559a0f8792b0_255 .array/port v0x559a0f8792b0, 255;
E_0x559a0f8544b0/64 .event edge, v0x559a0f8792b0_252, v0x559a0f8792b0_253, v0x559a0f8792b0_254, v0x559a0f8792b0_255;
E_0x559a0f8544b0/65 .event edge, v0x559a0f87bb80_0;
E_0x559a0f8544b0 .event/or E_0x559a0f8544b0/0, E_0x559a0f8544b0/1, E_0x559a0f8544b0/2, E_0x559a0f8544b0/3, E_0x559a0f8544b0/4, E_0x559a0f8544b0/5, E_0x559a0f8544b0/6, E_0x559a0f8544b0/7, E_0x559a0f8544b0/8, E_0x559a0f8544b0/9, E_0x559a0f8544b0/10, E_0x559a0f8544b0/11, E_0x559a0f8544b0/12, E_0x559a0f8544b0/13, E_0x559a0f8544b0/14, E_0x559a0f8544b0/15, E_0x559a0f8544b0/16, E_0x559a0f8544b0/17, E_0x559a0f8544b0/18, E_0x559a0f8544b0/19, E_0x559a0f8544b0/20, E_0x559a0f8544b0/21, E_0x559a0f8544b0/22, E_0x559a0f8544b0/23, E_0x559a0f8544b0/24, E_0x559a0f8544b0/25, E_0x559a0f8544b0/26, E_0x559a0f8544b0/27, E_0x559a0f8544b0/28, E_0x559a0f8544b0/29, E_0x559a0f8544b0/30, E_0x559a0f8544b0/31, E_0x559a0f8544b0/32, E_0x559a0f8544b0/33, E_0x559a0f8544b0/34, E_0x559a0f8544b0/35, E_0x559a0f8544b0/36, E_0x559a0f8544b0/37, E_0x559a0f8544b0/38, E_0x559a0f8544b0/39, E_0x559a0f8544b0/40, E_0x559a0f8544b0/41, E_0x559a0f8544b0/42, E_0x559a0f8544b0/43, E_0x559a0f8544b0/44, E_0x559a0f8544b0/45, E_0x559a0f8544b0/46, E_0x559a0f8544b0/47, E_0x559a0f8544b0/48, E_0x559a0f8544b0/49, E_0x559a0f8544b0/50, E_0x559a0f8544b0/51, E_0x559a0f8544b0/52, E_0x559a0f8544b0/53, E_0x559a0f8544b0/54, E_0x559a0f8544b0/55, E_0x559a0f8544b0/56, E_0x559a0f8544b0/57, E_0x559a0f8544b0/58, E_0x559a0f8544b0/59, E_0x559a0f8544b0/60, E_0x559a0f8544b0/61, E_0x559a0f8544b0/62, E_0x559a0f8544b0/63, E_0x559a0f8544b0/64, E_0x559a0f8544b0/65;
    .scope S_0x559a0f8584b0;
T_0 ;
    %vpi_call 3 28 "$readmemb", P_0x559a0f81d570, v0x559a0f8792b0 {0 0 0};
    %end;
    .thread T_0;
    .scope S_0x559a0f8584b0;
T_1 ;
    %wait E_0x559a0f8544b0;
    %load/vec4 v0x559a0f87bcb0_0;
    %flag_set/vec4 8;
    %jmp/0xz  T_1.0, 8;
    %load/vec4 v0x559a0f87be50_0;
    %load/vec4 v0x559a0f87bd70_0;
    %pad/u 10;
    %ix/vec4 4;
    %store/vec4a v0x559a0f8792b0, 4, 0;
    %vpi_func 3 34 "$fopen" 32, P_0x559a0f81d570, "a" {0 0 0};
    %store/vec4 v0x559a0f8791f0_0, 0, 32;
    %pushi/vec4 0, 0, 32;
    %store/vec4 v0x559a0f879110_0, 0, 32;
T_1.2 ;
    %load/vec4 v0x559a0f879110_0;
    %cmpi/s 255, 0, 32;
    %flag_or 5, 4;
    %jmp/0xz T_1.3, 5;
    %load/vec4 v0x559a0f879110_0;
    %cmpi/e 0, 0, 32;
    %jmp/0xz  T_1.4, 4;
    %vpi_func 3 36 "$fopen" 32, P_0x559a0f81d570 {0 0 0};
    %vpi_call 3 36 "$fwriteb", S<0,vec4,s32>, "\000" {1 0 0};
T_1.4 ;
    %vpi_call 3 38 "$fwriteb", v0x559a0f8791f0_0, &A<v0x559a0f8792b0, v0x559a0f879110_0 > {0 0 0};
    %vpi_call 3 39 "$fwrite", v0x559a0f8791f0_0, "\012" {0 0 0};
    %load/vec4 v0x559a0f879110_0;
    %addi 1, 0, 32;
    %store/vec4 v0x559a0f879110_0, 0, 32;
    %jmp T_1.2;
T_1.3 ;
    %vpi_call 3 41 "$fclose", v0x559a0f8791f0_0 {0 0 0};
T_1.0 ;
    %load/vec4 v0x559a0f87bb80_0;
    %pad/u 10;
    %ix/vec4 4;
    %load/vec4a v0x559a0f8792b0, 4;
    %store/vec4 v0x559a0f84f170_0, 0, 8;
    %jmp T_1;
    .thread T_1, $push;
    .scope S_0x559a0f84efe0;
T_2 ;
    %pushi/vec4 1, 0, 1;
    %store/vec4 v0x559a0f87c210_0, 0, 1;
    %pushi/vec4 0, 0, 8;
    %store/vec4 v0x559a0f87c2b0_0, 0, 8;
    %vpi_call 2 15 "$monitor", "Write_data - %b, Write_addr - %b, Data - %b, we - %b, Read_addr - %b", v0x559a0f87c3a0_0, v0x559a0f87c2b0_0, v0x559a0f87bfd0_0, v0x559a0f87c210_0, v0x559a0f87c170_0 {0 0 0};
    %delay 1, 0;
    %pushi/vec4 0, 0, 32;
    %store/vec4 v0x559a0f87c0b0_0, 0, 32;
T_2.0 ;
    %load/vec4 v0x559a0f87c0b0_0;
    %cmpi/s 10, 0, 32;
    %jmp/0xz T_2.1, 5;
    %delay 1, 0;
    %load/vec4 v0x559a0f87c0b0_0;
    %addi 1, 0, 32;
    %pad/s 8;
    %store/vec4 v0x559a0f87c2b0_0, 0, 8;
    %load/vec4 v0x559a0f87c0b0_0;
    %pad/s 8;
    %store/vec4 v0x559a0f87c3a0_0, 0, 8;
    %load/vec4 v0x559a0f87c0b0_0;
    %addi 1, 0, 32;
    %store/vec4 v0x559a0f87c0b0_0, 0, 32;
    %jmp T_2.0;
T_2.1 ;
    %delay 1, 0;
    %pushi/vec4 0, 0, 1;
    %store/vec4 v0x559a0f87c210_0, 0, 1;
    %pushi/vec4 5, 0, 8;
    %store/vec4 v0x559a0f87c170_0, 0, 8;
    %pushi/vec4 27, 0, 8;
    %store/vec4 v0x559a0f87c3a0_0, 0, 8;
    %delay 1, 0;
    %pushi/vec4 1, 0, 1;
    %store/vec4 v0x559a0f87c210_0, 0, 1;
    %pushi/vec4 0, 0, 8;
    %store/vec4 v0x559a0f87c2b0_0, 0, 8;
    %delay 1, 0;
    %pushi/vec4 0, 0, 1;
    %store/vec4 v0x559a0f87c210_0, 0, 1;
    %pushi/vec4 29, 0, 8;
    %store/vec4 v0x559a0f87c3a0_0, 0, 8;
    %pushi/vec4 1, 0, 8;
    %store/vec4 v0x559a0f87c2b0_0, 0, 8;
    %delay 1, 0;
    %pushi/vec4 1, 0, 1;
    %store/vec4 v0x559a0f87c210_0, 0, 1;
    %end;
    .thread T_2;
# The file index is used to find the file name in the following table.
:file_names 4;
    "N/A";
    "<interactive>";
    "usb_tb.v";
    "./usb.v";
