#! /usr/bin/vvp
:ivl_version "11.0 (stable)";
:ivl_delay_selection "TYPICAL";
:vpi_time_precision + 0;
:vpi_module "/usr/lib/x86_64-linux-gnu/ivl/system.vpi";
:vpi_module "/usr/lib/x86_64-linux-gnu/ivl/vhdl_sys.vpi";
:vpi_module "/usr/lib/x86_64-linux-gnu/ivl/vhdl_textio.vpi";
:vpi_module "/usr/lib/x86_64-linux-gnu/ivl/v2005_math.vpi";
:vpi_module "/usr/lib/x86_64-linux-gnu/ivl/va_math.vpi";
S_0x558553e4f7e0 .scope module, "casez_example_tb" "casez_example_tb" 2 24;
 .timescale 0 0;
v0x558553e62a50_0 .var "a", 1 0;
v0x558553e62b30_0 .var "b", 1 0;
v0x558553e62c00_0 .var "c", 1 0;
v0x558553e62d00_0 .var "opcode", 3 0;
v0x558553e62dd0_0 .net "out", 1 0, v0x558553e62880_0;  1 drivers
S_0x558553e4f970 .scope module, "C0" "casez_example" 2 42, 2 1 0, S_0x558553e4f7e0;
 .timescale 0 0;
    .port_info 0 /INPUT 4 "opcode";
    .port_info 1 /INPUT 2 "a";
    .port_info 2 /INPUT 2 "b";
    .port_info 3 /INPUT 2 "c";
    .port_info 4 /OUTPUT 2 "out";
v0x558553e15cf0_0 .net "a", 1 0, v0x558553e62a50_0;  1 drivers
v0x558553e625d0_0 .net "b", 1 0, v0x558553e62b30_0;  1 drivers
v0x558553e626b0_0 .net "c", 1 0, v0x558553e62c00_0;  1 drivers
v0x558553e627a0_0 .net "opcode", 3 0, v0x558553e62d00_0;  1 drivers
v0x558553e62880_0 .var "out", 1 0;
E_0x558553e16730 .event edge, v0x558553e626b0_0, v0x558553e625d0_0, v0x558553e15cf0_0, v0x558553e627a0_0;
    .scope S_0x558553e4f970;
T_0 ;
    %wait E_0x558553e16730;
    %load/vec4 v0x558553e627a0_0;
    %dup/vec4;
    %pushi/vec4 9, 7, 4;
    %cmp/z;
    %jmp/1 T_0.0, 4;
    %dup/vec4;
    %pushi/vec4 4, 3, 4;
    %cmp/z;
    %jmp/1 T_0.1, 4;
    %dup/vec4;
    %pushi/vec4 2, 1, 4;
    %cmp/z;
    %jmp/1 T_0.2, 4;
    %vpi_call 2 18 "$display", "Error xxxx does matches 0000" {0 0 0};
    %jmp T_0.4;
T_0.0 ;
    %load/vec4 v0x558553e15cf0_0;
    %store/vec4 v0x558553e62880_0, 0, 2;
    %jmp T_0.4;
T_0.1 ;
    %load/vec4 v0x558553e625d0_0;
    %store/vec4 v0x558553e62880_0, 0, 2;
    %jmp T_0.4;
T_0.2 ;
    %load/vec4 v0x558553e626b0_0;
    %store/vec4 v0x558553e62880_0, 0, 2;
    %jmp T_0.4;
T_0.4 ;
    %pop/vec4 1;
    %jmp T_0;
    .thread T_0, $push;
    .scope S_0x558553e4f7e0;
T_1 ;
    %vpi_call 2 31 "$monitor", "Opcode = %b Out = %b", v0x558553e62d00_0, v0x558553e62dd0_0 {0 0 0};
    %pushi/vec4 0, 0, 2;
    %assign/vec4 v0x558553e62a50_0, 0;
    %pushi/vec4 1, 0, 2;
    %assign/vec4 v0x558553e62b30_0, 0;
    %pushi/vec4 2, 0, 2;
    %assign/vec4 v0x558553e62c00_0, 0;
    %pushi/vec4 9, 7, 4;
    %assign/vec4 v0x558553e62d00_0, 0;
    %delay 1, 0;
    %pushi/vec4 4, 3, 4;
    %store/vec4 v0x558553e62d00_0, 0, 4;
    %delay 1, 0;
    %pushi/vec4 2, 1, 4;
    %store/vec4 v0x558553e62d00_0, 0, 4;
    %delay 1, 0;
    %vpi_call 2 39 "$finish" {0 0 0};
    %end;
    .thread T_1;
# The file index is used to find the file name in the following table.
:file_names 3;
    "N/A";
    "<interactive>";
    "casez_example.v";
