#! /usr/bin/vvp
:ivl_version "11.0 (stable)";
:ivl_delay_selection "TYPICAL";
:vpi_time_precision + 0;
:vpi_module "/usr/lib/x86_64-linux-gnu/ivl/system.vpi";
:vpi_module "/usr/lib/x86_64-linux-gnu/ivl/vhdl_sys.vpi";
:vpi_module "/usr/lib/x86_64-linux-gnu/ivl/vhdl_textio.vpi";
:vpi_module "/usr/lib/x86_64-linux-gnu/ivl/v2005_math.vpi";
:vpi_module "/usr/lib/x86_64-linux-gnu/ivl/va_math.vpi";
S_0x55ebd65a4880 .scope module, "counter_tb" "counter_tb" 2 3;
 .timescale 0 0;
v0x55ebd65b8c00_0 .var "clock", 0 0;
v0x55ebd65b8cc0_0 .net "counter_out", 3 0, v0x55ebd656d190_0;  1 drivers
v0x55ebd65b8d90_0 .var "enable", 0 0;
v0x55ebd65b8e90_0 .var "reset", 0 0;
S_0x55ebd65a4a10 .scope module, "Counter" "counter" 2 28, 3 10 0, S_0x55ebd65a4880;
 .timescale 0 0;
    .port_info 0 /INPUT 1 "clock";
    .port_info 1 /INPUT 1 "reset";
    .port_info 2 /INPUT 1 "enable";
    .port_info 3 /OUTPUT 4 "counter_out";
v0x55ebd656c830_0 .net "clock", 0 0, v0x55ebd65b8c00_0;  1 drivers
v0x55ebd656d190_0 .var "counter_out", 3 0;
v0x55ebd656cf30_0 .net "enable", 0 0, v0x55ebd65b8d90_0;  1 drivers
v0x55ebd65b8a90_0 .net "reset", 0 0, v0x55ebd65b8e90_0;  1 drivers
E_0x55ebd656b770 .event posedge, v0x55ebd656c830_0;
S_0x55ebd656acf0 .scope begin, "COUNTER" "COUNTER" 3 32, 3 32 0, S_0x55ebd65a4a10;
 .timescale 0 0;
    .scope S_0x55ebd65a4a10;
T_0 ;
    %wait E_0x55ebd656b770;
    %fork t_1, S_0x55ebd656acf0;
    %jmp t_0;
    .scope S_0x55ebd656acf0;
t_1 ;
    %load/vec4 v0x55ebd65b8a90_0;
    %cmpi/e 1, 0, 1;
    %jmp/0xz  T_0.0, 4;
    %pushi/vec4 0, 0, 4;
    %assign/vec4 v0x55ebd656d190_0, 1;
    %jmp T_0.1;
T_0.0 ;
    %load/vec4 v0x55ebd656cf30_0;
    %cmpi/e 1, 0, 1;
    %jmp/0xz  T_0.2, 4;
    %load/vec4 v0x55ebd656d190_0;
    %addi 1, 0, 4;
    %assign/vec4 v0x55ebd656d190_0, 1;
T_0.2 ;
T_0.1 ;
    %end;
    .scope S_0x55ebd65a4a10;
t_0 %join;
    %jmp T_0;
    .thread T_0;
    .scope S_0x55ebd65a4880;
T_1 ;
    %vpi_call 2 10 "$display", "time\011 clk reset enable counter" {0 0 0};
    %vpi_call 2 11 "$monitor", "%g\011 %b %b %b %b", $time, v0x55ebd65b8c00_0, v0x55ebd65b8e90_0, v0x55ebd65b8d90_0, v0x55ebd65b8cc0_0 {0 0 0};
    %pushi/vec4 1, 0, 1;
    %store/vec4 v0x55ebd65b8c00_0, 0, 1;
    %pushi/vec4 0, 0, 1;
    %store/vec4 v0x55ebd65b8e90_0, 0, 1;
    %pushi/vec4 0, 0, 1;
    %store/vec4 v0x55ebd65b8d90_0, 0, 1;
    %delay 5, 0;
    %pushi/vec4 1, 0, 1;
    %store/vec4 v0x55ebd65b8e90_0, 0, 1;
    %delay 10, 0;
    %pushi/vec4 0, 0, 1;
    %store/vec4 v0x55ebd65b8e90_0, 0, 1;
    %delay 5, 0;
    %pushi/vec4 1, 0, 1;
    %store/vec4 v0x55ebd65b8d90_0, 0, 1;
    %delay 100, 0;
    %pushi/vec4 0, 0, 1;
    %store/vec4 v0x55ebd65b8d90_0, 0, 1;
    %delay 10, 0;
    %vpi_call 2 19 "$finish" {0 0 0};
    %end;
    .thread T_1;
    .scope S_0x55ebd65a4880;
T_2 ;
    %delay 5, 0;
    %load/vec4 v0x55ebd65b8c00_0;
    %inv;
    %store/vec4 v0x55ebd65b8c00_0, 0, 1;
    %jmp T_2;
    .thread T_2;
# The file index is used to find the file name in the following table.
:file_names 4;
    "N/A";
    "<interactive>";
    "counter_testbench.v";
    "./counter.v";
