#! /usr/bin/vvp
:ivl_version "11.0 (stable)";
:ivl_delay_selection "TYPICAL";
:vpi_time_precision + 0;
:vpi_module "/usr/lib/x86_64-linux-gnu/ivl/system.vpi";
:vpi_module "/usr/lib/x86_64-linux-gnu/ivl/vhdl_sys.vpi";
:vpi_module "/usr/lib/x86_64-linux-gnu/ivl/vhdl_textio.vpi";
:vpi_module "/usr/lib/x86_64-linux-gnu/ivl/v2005_math.vpi";
:vpi_module "/usr/lib/x86_64-linux-gnu/ivl/va_math.vpi";
S_0x55ce8146bdc0 .scope module, "counter" "counter" 2 10;
 .timescale 0 0;
    .port_info 0 /INPUT 1 "clock";
    .port_info 1 /INPUT 1 "reset";
    .port_info 2 /INPUT 1 "enable";
    .port_info 3 /OUTPUT 4 "counter_out";
o0x7f02ae272018 .functor BUFZ 1, C4<z>; HiZ drive
v0x55ce8146d830_0 .net "clock", 0 0, o0x7f02ae272018;  0 drivers
v0x55ce8146e190_0 .var "counter_out", 3 0;
o0x7f02ae272078 .functor BUFZ 1, C4<z>; HiZ drive
v0x55ce8146df30_0 .net "enable", 0 0, o0x7f02ae272078;  0 drivers
o0x7f02ae2720a8 .functor BUFZ 1, C4<z>; HiZ drive
v0x55ce814b3c10_0 .net "reset", 0 0, o0x7f02ae2720a8;  0 drivers
E_0x55ce8146c730 .event posedge, v0x55ce8146d830_0;
S_0x55ce8146c000 .scope begin, "COUNTER" "COUNTER" 2 32, 2 32 0, S_0x55ce8146bdc0;
 .timescale 0 0;
    .scope S_0x55ce8146bdc0;
T_0 ;
    %wait E_0x55ce8146c730;
    %fork t_1, S_0x55ce8146c000;
    %jmp t_0;
    .scope S_0x55ce8146c000;
t_1 ;
    %load/vec4 v0x55ce814b3c10_0;
    %cmpi/e 1, 0, 1;
    %jmp/0xz  T_0.0, 4;
    %pushi/vec4 0, 0, 4;
    %assign/vec4 v0x55ce8146e190_0, 1;
    %jmp T_0.1;
T_0.0 ;
    %load/vec4 v0x55ce8146df30_0;
    %cmpi/e 1, 0, 1;
    %jmp/0xz  T_0.2, 4;
    %load/vec4 v0x55ce8146e190_0;
    %addi 1, 0, 4;
    %assign/vec4 v0x55ce8146e190_0, 1;
T_0.2 ;
T_0.1 ;
    %end;
    .scope S_0x55ce8146bdc0;
t_0 %join;
    %jmp T_0;
    .thread T_0;
# The file index is used to find the file name in the following table.
:file_names 3;
    "N/A";
    "<interactive>";
    "counter.v";
