#! /usr/bin/vvp
:ivl_version "11.0 (stable)";
:ivl_delay_selection "TYPICAL";
:vpi_time_precision + 0;
:vpi_module "/usr/lib/x86_64-linux-gnu/ivl/system.vpi";
:vpi_module "/usr/lib/x86_64-linux-gnu/ivl/vhdl_sys.vpi";
:vpi_module "/usr/lib/x86_64-linux-gnu/ivl/vhdl_textio.vpi";
:vpi_module "/usr/lib/x86_64-linux-gnu/ivl/v2005_math.vpi";
:vpi_module "/usr/lib/x86_64-linux-gnu/ivl/va_math.vpi";
S_0x5575958105f0 .scope module, "decrementer_tb" "decrementer_tb" 2 30;
 .timescale 0 0;
v0x557595837db0_0 .var "clock_reset", 0 0;
v0x557595837e70_0 .net "count", 3 0, v0x557595837aa0_0;  1 drivers
v0x557595837f40_0 .var "initial_value", 3 0;
v0x557595838010_0 .var "load", 0 0;
S_0x557595825b20 .scope module, "D0" "decrementer" 2 43, 2 1 0, S_0x5575958105f0;
 .timescale 0 0;
    .port_info 0 /INPUT 1 "load";
    .port_info 1 /INPUT 4 "initial_value";
    .port_info 2 /OUTPUT 4 "count";
    .port_info 3 /INPUT 1 "clk";
v0x5575957ecf30_0 .net "clk", 0 0, v0x557595837db0_0;  1 drivers
v0x557595837aa0_0 .var "count", 3 0;
L_0x7f7f2ba99018 .functor BUFT 1, C4<1111>, C4<0>, C4<0>, C4<0>;
RS_0x7f7f2bae2078 .resolv tri, L_0x7f7f2ba99018, v0x557595837f40_0;
v0x557595837b80_0 .net8 "initial_value", 3 0, RS_0x7f7f2bae2078;  2 drivers
v0x557595837c40_0 .net "load", 0 0, v0x557595838010_0;  1 drivers
E_0x5575957eb8b0 .event posedge, v0x5575957ecf30_0;
    .scope S_0x557595825b20;
T_0 ;
    %wait E_0x5575957eb8b0;
    %load/vec4 v0x557595837c40_0;
    %cmpi/e 1, 0, 1;
    %jmp/0xz  T_0.0, 4;
    %vpi_call 2 13 "$display", "\012Load %b", v0x557595837c40_0 {0 0 0};
    %delay 1, 0;
    %load/vec4 v0x557595837b80_0;
    %store/vec4 v0x557595837aa0_0, 0, 4;
    %vpi_call 2 15 "$display", "Counting: %b", v0x557595837aa0_0 {0 0 0};
T_0.0 ;
    %load/vec4 v0x557595837aa0_0;
    %cmpi/e 0, 0, 4;
    %jmp/0xz  T_0.2, 4;
    %vpi_call 2 19 "$display", "Countdown: %b", v0x557595837aa0_0 {0 0 0};
    %vpi_call 2 20 "$finish" {0 0 0};
    %jmp T_0.3;
T_0.2 ;
    ; show_stmt_assign_vector: Get l-value for compressed -= operand
    %load/vec4 v0x557595837aa0_0;
    %pushi/vec4 1, 0, 4;
    %sub;
    %store/vec4 v0x557595837aa0_0, 0, 4;
    %load/vec4 v0x557595837aa0_0;
    %cmpi/u 0, 0, 4;
    %flag_or 5, 4; GT is !LE
    %flag_inv 5;
    %jmp/0xz  T_0.4, 5;
    %vpi_call 2 23 "$display", "Counting: %b", v0x557595837aa0_0 {0 0 0};
T_0.4 ;
T_0.3 ;
    %jmp T_0;
    .thread T_0;
    .scope S_0x5575958105f0;
T_1 ;
    %pushi/vec4 1, 0, 1;
    %store/vec4 v0x557595837db0_0, 0, 1;
    %pushi/vec4 1, 0, 1;
    %store/vec4 v0x557595838010_0, 0, 1;
    %delay 1, 0;
    %pushi/vec4 0, 0, 1;
    %store/vec4 v0x557595838010_0, 0, 1;
    %pushi/vec4 15, 0, 4;
    %store/vec4 v0x557595837f40_0, 0, 4;
    %end;
    .thread T_1;
    .scope S_0x5575958105f0;
T_2 ;
    %delay 1, 0;
    %load/vec4 v0x557595837db0_0;
    %inv;
    %assign/vec4 v0x557595837db0_0, 0;
    %jmp T_2;
    .thread T_2;
# The file index is used to find the file name in the following table.
:file_names 3;
    "N/A";
    "<interactive>";
    "decrementer.v";
