#! /usr/bin/vvp
:ivl_version "11.0 (stable)";
:ivl_delay_selection "TYPICAL";
:vpi_time_precision + 0;
:vpi_module "/usr/lib/x86_64-linux-gnu/ivl/system.vpi";
:vpi_module "/usr/lib/x86_64-linux-gnu/ivl/vhdl_sys.vpi";
:vpi_module "/usr/lib/x86_64-linux-gnu/ivl/vhdl_textio.vpi";
:vpi_module "/usr/lib/x86_64-linux-gnu/ivl/v2005_math.vpi";
:vpi_module "/usr/lib/x86_64-linux-gnu/ivl/va_math.vpi";
S_0x556e1fb5bdc0 .scope module, "delay_example" "delay_example" 2 1;
 .timescale 0 0;
L_0x556e1fb81cd0/d .functor OR 1, v0x556e1fb81e40_0, v0x556e1fba7e50_0, C4<0>, C4<0>;
L_0x556e1fb81cd0 .delay 1 (5,5,5) L_0x556e1fb81cd0/d;
L_0x556e1fba84e0/d .functor AND 1, v0x556e1fb81e40_0, v0x556e1fba7e50_0, C4<1>, C4<1>;
L_0x556e1fba84e0 .delay 1 (1,2,1) L_0x556e1fba84e0/d;
L_0x556e1fba8760/d .functor NOR 1, v0x556e1fb81e40_0, v0x556e1fba7e50_0, C4<0>, C4<0>;
L_0x556e1fba8760 .delay 1 (1,2,1) L_0x556e1fba8760/d;
L_0x556e1fba8910/d .functor NAND 1, v0x556e1fb81e40_0, v0x556e1fba7e50_0, C4<1>, C4<1>;
L_0x556e1fba8910 .delay 1 (2,2,2) L_0x556e1fba8910/d;
L_0x556e1fba8a00/d .functor BUF 1, v0x556e1fb81e40_0, C4<0>, C4<0>, C4<0>;
L_0x556e1fba8a00 .delay 1 (2,5,2) L_0x556e1fba8a00/d;
L_0x556e1fba8b90/d .functor NOTIF1 1, v0x556e1fb81e40_0, v0x556e1fba7e50_0, C4<0>, C4<0>;
L_0x556e1fba8b90 .delay 1 (2,5,8) L_0x556e1fba8b90/d;
v0x556e1fb81e40_0 .var "b", 0 0;
v0x556e1fba7e50_0 .var "c", 0 0;
v0x556e1fba7f10_0 .net "out1", 0 0, L_0x556e1fb81cd0;  1 drivers
v0x556e1fba7fb0_0 .net "out2", 0 0, L_0x556e1fba84e0;  1 drivers
v0x556e1fba8070_0 .net "out3", 0 0, L_0x556e1fba8760;  1 drivers
v0x556e1fba8180_0 .net "out4", 0 0, L_0x556e1fba8910;  1 drivers
v0x556e1fba8240_0 .net "out5", 0 0, L_0x556e1fba8a00;  1 drivers
v0x556e1fba8300_0 .net "out6", 0 0, L_0x556e1fba8b90;  1 drivers
    .scope S_0x556e1fb5bdc0;
T_0 ;
    %vpi_call 2 21 "$monitor", "Time = %g b = %b c=%b out1=%b out2=%b out3=%b out4=%b out5=%b out6=%b", $time, v0x556e1fb81e40_0, v0x556e1fba7e50_0, v0x556e1fba7f10_0, v0x556e1fba7fb0_0, v0x556e1fba8070_0, v0x556e1fba8180_0, v0x556e1fba8240_0, v0x556e1fba8300_0 {0 0 0};
    %pushi/vec4 0, 0, 1;
    %store/vec4 v0x556e1fb81e40_0, 0, 1;
    %pushi/vec4 0, 0, 1;
    %store/vec4 v0x556e1fba7e50_0, 0, 1;
    %delay 10, 0;
    %pushi/vec4 1, 0, 1;
    %store/vec4 v0x556e1fb81e40_0, 0, 1;
    %delay 10, 0;
    %pushi/vec4 1, 0, 1;
    %store/vec4 v0x556e1fba7e50_0, 0, 1;
    %delay 10, 0;
    %pushi/vec4 0, 0, 1;
    %store/vec4 v0x556e1fb81e40_0, 0, 1;
    %delay 10, 0;
    %vpi_call 2 28 "$finish" {0 0 0};
    %end;
    .thread T_0;
# The file index is used to find the file name in the following table.
:file_names 3;
    "N/A";
    "<interactive>";
    "delay_example.v";
