#! /usr/bin/vvp
:ivl_version "11.0 (stable)";
:ivl_delay_selection "TYPICAL";
:vpi_time_precision + 0;
:vpi_module "/usr/lib/x86_64-linux-gnu/ivl/system.vpi";
:vpi_module "/usr/lib/x86_64-linux-gnu/ivl/vhdl_sys.vpi";
:vpi_module "/usr/lib/x86_64-linux-gnu/ivl/vhdl_textio.vpi";
:vpi_module "/usr/lib/x86_64-linux-gnu/ivl/v2005_math.vpi";
:vpi_module "/usr/lib/x86_64-linux-gnu/ivl/va_math.vpi";
S_0x559568171d90 .scope module, "dff_from_nand" "dff_from_nand" 2 1;
 .timescale 0 0;
L_0x5595681bab70 .functor NAND 1, v0x5595681ba780_0, v0x559568171f20_0, C4<1>, C4<1>;
L_0x5595681bac60 .functor NAND 1, v0x559568171f20_0, L_0x5595681bab70, C4<1>, C4<1>;
L_0x5595681bada0 .functor NAND 1, L_0x5595681bab70, L_0x5595681bae10, C4<1>, C4<1>;
L_0x5595681bae10 .functor NAND 1, L_0x5595681bada0, L_0x5595681bac60, C4<1>, C4<1>;
v0x559568171f20_0 .var "Clk", 0 0;
v0x5595681ba780_0 .var "D", 0 0;
v0x5595681ba840_0 .net "Q", 0 0, L_0x5595681bada0;  1 drivers
v0x5595681ba8e0_0 .net "Q_bar", 0 0, L_0x5595681bae10;  1 drivers
v0x5595681ba9a0_0 .net "x", 0 0, L_0x5595681bab70;  1 drivers
v0x5595681baab0_0 .net "y", 0 0, L_0x5595681bac60;  1 drivers
    .scope S_0x559568171d90;
T_0 ;
    %vpi_call 2 15 "$monitor", "CLK = %b D = %b Q = %b Q_bar = %b", v0x559568171f20_0, v0x5595681ba780_0, v0x5595681ba840_0, v0x5595681ba8e0_0 {0 0 0};
    %pushi/vec4 0, 0, 1;
    %store/vec4 v0x559568171f20_0, 0, 1;
    %pushi/vec4 0, 0, 1;
    %store/vec4 v0x5595681ba780_0, 0, 1;
    %delay 3, 0;
    %pushi/vec4 1, 0, 1;
    %store/vec4 v0x5595681ba780_0, 0, 1;
    %delay 3, 0;
    %pushi/vec4 0, 0, 1;
    %store/vec4 v0x5595681ba780_0, 0, 1;
    %delay 3, 0;
    %vpi_call 2 21 "$finish" {0 0 0};
    %end;
    .thread T_0;
    .scope S_0x559568171d90;
T_1 ;
    %delay 2, 0;
    %load/vec4 v0x559568171f20_0;
    %inv;
    %store/vec4 v0x559568171f20_0, 0, 1;
    %jmp T_1;
    .thread T_1;
# The file index is used to find the file name in the following table.
:file_names 3;
    "N/A";
    "<interactive>";
    "dff_from_nand.v";
