#! /usr/bin/vvp
:ivl_version "11.0 (stable)";
:ivl_delay_selection "TYPICAL";
:vpi_time_precision + 0;
:vpi_module "/usr/lib/x86_64-linux-gnu/ivl/system.vpi";
:vpi_module "/usr/lib/x86_64-linux-gnu/ivl/vhdl_sys.vpi";
:vpi_module "/usr/lib/x86_64-linux-gnu/ivl/vhdl_textio.vpi";
:vpi_module "/usr/lib/x86_64-linux-gnu/ivl/v2005_math.vpi";
:vpi_module "/usr/lib/x86_64-linux-gnu/ivl/va_math.vpi";
S_0x559c64212a00 .scope module, "four_deep_fifo_tb" "four_deep_fifo_tb" 2 75;
 .timescale 0 0;
v0x559c6422ff60_0 .var "clk", 0 0;
v0x559c64230020_0 .var "data_in", 1 0;
v0x559c642300f0_0 .net "data_out", 1 0, v0x559c6422f610_0;  1 drivers
v0x559c642301f0_0 .net "empty", 0 0, v0x559c6422f740_0;  1 drivers
v0x559c642302c0_0 .net "full", 0 0, v0x559c6422f800_0;  1 drivers
v0x559c64230360_0 .net "index_out", 3 0, v0x559c6422fa80_0;  1 drivers
v0x559c64230430_0 .var "pop", 0 0;
v0x559c64230500_0 .var "push", 0 0;
S_0x559c64212b90 .scope module, "F0" "four_deep_fifo" 2 113, 2 1 0, S_0x559c64212a00;
 .timescale 0 0;
    .port_info 0 /INPUT 1 "clk";
    .port_info 1 /INPUT 2 "data_in";
    .port_info 2 /INPUT 1 "push";
    .port_info 3 /INPUT 1 "pop";
    .port_info 4 /OUTPUT 1 "full";
    .port_info 5 /OUTPUT 1 "empty";
    .port_info 6 /OUTPUT 2 "data_out";
    .port_info 7 /OUTPUT 4 "index_out";
L_0x559c641fdd70 .functor OR 1, v0x559c6422ff60_0, v0x559c64230430_0, C4<0>, C4<0>;
L_0x559c641fdde0 .functor OR 1, L_0x559c641fdd70, v0x559c64230500_0, C4<0>, C4<0>;
v0x559c641fdf50_0 .net *"_ivl_4", 0 0, L_0x559c641fdd70;  1 drivers
v0x559c641fdff0_0 .net *"_ivl_6", 0 0, L_0x559c641fdde0;  1 drivers
v0x559c6422f490_0 .net "clk", 0 0, v0x559c6422ff60_0;  1 drivers
v0x559c6422f530_0 .net "data_in", 1 0, v0x559c64230020_0;  1 drivers
v0x559c6422f610_0 .var "data_out", 1 0;
v0x559c6422f740_0 .var "empty", 0 0;
v0x559c6422f800_0 .var "full", 0 0;
v0x559c6422f8c0_0 .var/i "i", 31 0;
v0x559c6422f9a0_0 .var/i "index", 31 0;
v0x559c6422fa80_0 .var "index_out", 3 0;
v0x559c6422fb60_0 .net "pop", 0 0, v0x559c64230430_0;  1 drivers
v0x559c6422fc20_0 .net "push", 0 0, v0x559c64230500_0;  1 drivers
v0x559c6422fce0 .array "queue", 3 0, 1 0;
v0x559c6422fda0_0 .var "requeue", 0 0;
E_0x559c6420bc90 .event posedge, L_0x559c641fdde0;
E_0x559c6420b900 .event posedge, v0x559c6422fda0_0;
    .scope S_0x559c64212b90;
T_0 ;
    %pushi/vec4 0, 0, 32;
    %store/vec4 v0x559c6422f9a0_0, 0, 32;
    %pushi/vec4 0, 0, 32;
    %store/vec4 v0x559c6422f8c0_0, 0, 32;
    %end;
    .thread T_0;
    .scope S_0x559c64212b90;
T_1 ;
    %load/vec4 v0x559c6422f9a0_0;
    %pad/s 4;
    %cassign/vec4 v0x559c6422fa80_0;
    %cassign/link v0x559c6422fa80_0, v0x559c6422f9a0_0;
    %end;
    .thread T_1;
    .scope S_0x559c64212b90;
T_2 ;
    %wait E_0x559c6420b900;
    %pushi/vec4 0, 0, 32;
    %store/vec4 v0x559c6422f8c0_0, 0, 32;
T_2.0 ;
    %load/vec4 v0x559c6422f8c0_0;
    %cmpi/s 2, 0, 32;
    %flag_or 5, 4;
    %jmp/0xz T_2.1, 5;
    %load/vec4 v0x559c6422f8c0_0;
    %pad/s 33;
    %addi 1, 0, 33;
    %ix/vec4/s 4;
    %load/vec4a v0x559c6422fce0, 4;
    %ix/getv/s 4, v0x559c6422f8c0_0;
    %store/vec4a v0x559c6422fce0, 4, 0;
    %load/vec4 v0x559c6422f8c0_0;
    %load/vec4 v0x559c6422f9a0_0;
    %cmp/e;
    %jmp/0xz  T_2.2, 4;
    %pushi/vec4 3, 0, 32;
    %store/vec4 v0x559c6422f8c0_0, 0, 32;
T_2.2 ;
    %load/vec4 v0x559c6422f8c0_0;
    %addi 1, 0, 32;
    %store/vec4 v0x559c6422f8c0_0, 0, 32;
    %jmp T_2.0;
T_2.1 ;
    %jmp T_2;
    .thread T_2;
    .scope S_0x559c64212b90;
T_3 ;
    %wait E_0x559c6420bc90;
    %load/vec4 v0x559c6422fc20_0;
    %cmpi/e 1, 0, 1;
    %jmp/0xz  T_3.0, 4;
    %load/vec4 v0x559c6422f800_0;
    %flag_set/vec4 8;
    %jmp/0xz  T_3.2, 8;
    %ix/load 4, 0, 0;
    %flag_set/imm 4, 0;
    %load/vec4a v0x559c6422fce0, 4;
    %store/vec4 v0x559c6422f610_0, 0, 2;
    %pushi/vec4 1, 0, 1;
    %store/vec4 v0x559c6422fda0_0, 0, 1;
    %delay 1, 0;
    %load/vec4 v0x559c6422f530_0;
    %ix/load 4, 3, 0;
    %flag_set/imm 4, 0;
    %store/vec4a v0x559c6422fce0, 4, 0;
    %pushi/vec4 0, 0, 1;
    %store/vec4 v0x559c6422fda0_0, 0, 1;
    %jmp T_3.3;
T_3.2 ;
    %load/vec4 v0x559c6422f530_0;
    %ix/getv/s 4, v0x559c6422f9a0_0;
    %store/vec4a v0x559c6422fce0, 4, 0;
    %vpi_call 2 49 "$display", "Pushed %b, %b, %b", &A<v0x559c6422fce0, v0x559c6422f9a0_0 >, v0x559c6422f530_0, v0x559c6422f9a0_0 {0 0 0};
    %load/vec4 v0x559c6422f9a0_0;
    %addi 1, 0, 32;
    %store/vec4 v0x559c6422f9a0_0, 0, 32;
    %load/vec4 v0x559c6422f9a0_0;
    %cmpi/e 4, 0, 32;
    %jmp/0xz  T_3.4, 4;
    %pushi/vec4 1, 0, 1;
    %store/vec4 v0x559c6422f800_0, 0, 1;
T_3.4 ;
T_3.3 ;
    %pushi/vec4 0, 0, 1;
    %store/vec4 v0x559c6422f740_0, 0, 1;
    %jmp T_3.1;
T_3.0 ;
    %load/vec4 v0x559c6422fb60_0;
    %cmpi/e 1, 0, 1;
    %jmp/0xz  T_3.6, 4;
    %load/vec4 v0x559c6422f740_0;
    %flag_set/vec4 8;
    %jmp/0xz  T_3.8, 8;
    %pushi/vec4 0, 0, 2;
    %store/vec4 v0x559c6422f610_0, 0, 2;
    %vpi_call 2 57 "$display", "You empty?" {0 0 0};
    %jmp T_3.9;
T_3.8 ;
    %vpi_call 2 59 "$display", "Popped %b from 0, index -> %b", &A<v0x559c6422fce0, 0>, v0x559c6422f9a0_0 {0 0 0};
    %ix/load 4, 0, 0;
    %flag_set/imm 4, 0;
    %load/vec4a v0x559c6422fce0, 4;
    %store/vec4 v0x559c6422f610_0, 0, 2;
    %delay 1, 0;
    %pushi/vec4 1, 0, 1;
    %store/vec4 v0x559c6422fda0_0, 0, 1;
    %load/vec4 v0x559c6422f9a0_0;
    %subi 1, 0, 32;
    %store/vec4 v0x559c6422f9a0_0, 0, 32;
    %load/vec4 v0x559c6422f9a0_0;
    %cmpi/e 0, 0, 32;
    %jmp/0xz  T_3.10, 4;
    %pushi/vec4 1, 0, 1;
    %store/vec4 v0x559c6422f740_0, 0, 1;
T_3.10 ;
    %delay 1, 0;
    %pushi/vec4 0, 0, 1;
    %store/vec4 v0x559c6422fda0_0, 0, 1;
    %vpi_call 2 65 "$display", "current index : %b", v0x559c6422f9a0_0 {0 0 0};
T_3.9 ;
    %pushi/vec4 0, 0, 1;
    %store/vec4 v0x559c6422f800_0, 0, 1;
T_3.6 ;
T_3.1 ;
    %jmp T_3;
    .thread T_3;
    .scope S_0x559c64212a00;
T_4 ;
    %pushi/vec4 0, 0, 1;
    %store/vec4 v0x559c6422ff60_0, 0, 1;
    %pushi/vec4 0, 0, 1;
    %store/vec4 v0x559c64230500_0, 0, 1;
    %pushi/vec4 0, 0, 1;
    %store/vec4 v0x559c64230430_0, 0, 1;
    %pushi/vec4 0, 0, 2;
    %store/vec4 v0x559c64230020_0, 0, 2;
    %vpi_call 2 89 "$monitor", "data_in - %b, data_out - %b, push - %b, pop - %b, empty - %b, full - %b\011INDEX - %g", v0x559c64230020_0, v0x559c642300f0_0, v0x559c64230500_0, v0x559c64230430_0, v0x559c642301f0_0, v0x559c642302c0_0, v0x559c64230360_0 {0 0 0};
    %delay 1, 0;
    %pushi/vec4 2, 0, 2;
    %store/vec4 v0x559c64230020_0, 0, 2;
    %pushi/vec4 1, 0, 1;
    %store/vec4 v0x559c64230500_0, 0, 1;
    %delay 1, 0;
    %pushi/vec4 0, 0, 1;
    %store/vec4 v0x559c64230500_0, 0, 1;
    %delay 1, 0;
    %pushi/vec4 3, 0, 2;
    %store/vec4 v0x559c64230020_0, 0, 2;
    %pushi/vec4 1, 0, 1;
    %store/vec4 v0x559c64230500_0, 0, 1;
    %delay 1, 0;
    %pushi/vec4 0, 0, 1;
    %store/vec4 v0x559c64230500_0, 0, 1;
    %delay 1, 0;
    %pushi/vec4 1, 0, 2;
    %store/vec4 v0x559c64230020_0, 0, 2;
    %pushi/vec4 1, 0, 1;
    %store/vec4 v0x559c64230500_0, 0, 1;
    %delay 1, 0;
    %pushi/vec4 0, 0, 1;
    %store/vec4 v0x559c64230500_0, 0, 1;
    %delay 1, 0;
    %pushi/vec4 3, 0, 2;
    %store/vec4 v0x559c64230020_0, 0, 2;
    %pushi/vec4 1, 0, 1;
    %store/vec4 v0x559c64230500_0, 0, 1;
    %delay 1, 0;
    %pushi/vec4 0, 0, 1;
    %store/vec4 v0x559c64230500_0, 0, 1;
    %delay 1, 0;
    %pushi/vec4 1, 0, 2;
    %store/vec4 v0x559c64230020_0, 0, 2;
    %pushi/vec4 1, 0, 1;
    %store/vec4 v0x559c64230500_0, 0, 1;
    %delay 1, 0;
    %pushi/vec4 0, 0, 1;
    %store/vec4 v0x559c64230500_0, 0, 1;
    %delay 1, 0;
    %pushi/vec4 1, 0, 1;
    %store/vec4 v0x559c64230430_0, 0, 1;
    %delay 1, 0;
    %pushi/vec4 0, 0, 1;
    %store/vec4 v0x559c64230430_0, 0, 1;
    %delay 2, 0;
    %vpi_call 2 110 "$finish" {0 0 0};
    %end;
    .thread T_4;
    .scope S_0x559c64212a00;
T_5 ;
    %delay 1, 0;
    %load/vec4 v0x559c6422ff60_0;
    %inv;
    %store/vec4 v0x559c6422ff60_0, 0, 1;
    %jmp T_5;
    .thread T_5;
# The file index is used to find the file name in the following table.
:file_names 3;
    "N/A";
    "<interactive>";
    "four_deep_fifo.v";
