#! /usr/bin/vvp
:ivl_version "11.0 (stable)";
:ivl_delay_selection "TYPICAL";
:vpi_time_precision + 0;
:vpi_module "/usr/lib/x86_64-linux-gnu/ivl/system.vpi";
:vpi_module "/usr/lib/x86_64-linux-gnu/ivl/vhdl_sys.vpi";
:vpi_module "/usr/lib/x86_64-linux-gnu/ivl/vhdl_textio.vpi";
:vpi_module "/usr/lib/x86_64-linux-gnu/ivl/v2005_math.vpi";
:vpi_module "/usr/lib/x86_64-linux-gnu/ivl/va_math.vpi";
S_0x55a1c756fdc0 .scope module, "multiplexer" "multiplexer" 2 1;
 .timescale 0 0;
L_0x55a1c7595790 .functor NOT 1, v0x55a1c756ff50_0, C4<0>, C4<0>, C4<0>;
L_0x55a1c7595800 .functor NOT 1, v0x55a1c75bcfb0_0, C4<0>, C4<0>, C4<0>;
L_0x55a1c75bd940 .functor AND 1, v0x55a1c75bd290_0, L_0x55a1c7595790, L_0x55a1c7595800, C4<1>;
L_0x55a1c75bda90 .functor AND 1, v0x55a1c75bd350_0, v0x55a1c756ff50_0, L_0x55a1c7595800, C4<1>;
L_0x55a1c75bdbb0 .functor AND 1, v0x55a1c75bd410_0, L_0x55a1c7595790, v0x55a1c75bcfb0_0, C4<1>;
L_0x55a1c75bdcd0 .functor AND 1, v0x55a1c75bd4d0_0, v0x55a1c756ff50_0, v0x55a1c75bcfb0_0, C4<1>;
L_0x55a1c75bdde0 .functor OR 1, L_0x55a1c75bd940, L_0x55a1c75bda90, L_0x55a1c75bdbb0, L_0x55a1c75bdcd0;
v0x55a1c756ff50_0 .var "A", 0 0;
v0x55a1c75bcfb0_0 .var "B", 0 0;
v0x55a1c75bd070_0 .net "Y", 0 0, L_0x55a1c75bdde0;  1 drivers
v0x55a1c75bd110_0 .net "a_inv", 0 0, L_0x55a1c7595790;  1 drivers
v0x55a1c75bd1d0_0 .net "b_inv", 0 0, L_0x55a1c7595800;  1 drivers
v0x55a1c75bd290_0 .var "c0", 0 0;
v0x55a1c75bd350_0 .var "c1", 0 0;
v0x55a1c75bd410_0 .var "c2", 0 0;
v0x55a1c75bd4d0_0 .var "c3", 0 0;
v0x55a1c75bd590_0 .net "y0", 0 0, L_0x55a1c75bd940;  1 drivers
v0x55a1c75bd650_0 .net "y1", 0 0, L_0x55a1c75bda90;  1 drivers
v0x55a1c75bd710_0 .net "y2", 0 0, L_0x55a1c75bdbb0;  1 drivers
v0x55a1c75bd7d0_0 .net "y3", 0 0, L_0x55a1c75bdcd0;  1 drivers
    .scope S_0x55a1c756fdc0;
T_0 ;
    %vpi_call 2 20 "$monitor", "c0 = %b c1 = %b c3 = %b c4 = %b A = %b B = %b Y = %b", v0x55a1c75bd290_0, v0x55a1c75bd350_0, v0x55a1c75bd410_0, v0x55a1c75bd4d0_0, v0x55a1c756ff50_0, v0x55a1c75bcfb0_0, v0x55a1c75bd070_0 {0 0 0};
    %pushi/vec4 0, 0, 1;
    %store/vec4 v0x55a1c75bd290_0, 0, 1;
    %pushi/vec4 0, 0, 1;
    %store/vec4 v0x55a1c75bd350_0, 0, 1;
    %pushi/vec4 0, 0, 1;
    %store/vec4 v0x55a1c75bd410_0, 0, 1;
    %pushi/vec4 0, 0, 1;
    %store/vec4 v0x55a1c75bd4d0_0, 0, 1;
    %pushi/vec4 0, 0, 1;
    %store/vec4 v0x55a1c756ff50_0, 0, 1;
    %pushi/vec4 0, 0, 1;
    %store/vec4 v0x55a1c75bcfb0_0, 0, 1;
    %delay 1, 0;
    %pushi/vec4 1, 0, 1;
    %store/vec4 v0x55a1c756ff50_0, 0, 1;
    %delay 1, 0;
    %pushi/vec4 1, 0, 1;
    %store/vec4 v0x55a1c75bcfb0_0, 0, 1;
    %delay 1, 0;
    %pushi/vec4 0, 0, 1;
    %store/vec4 v0x55a1c756ff50_0, 0, 1;
    %delay 8, 0;
    %vpi_call 2 32 "$finish" {0 0 0};
    %end;
    .thread T_0;
    .scope S_0x55a1c756fdc0;
T_1 ;
    %delay 1, 0;
    %load/vec4 v0x55a1c75bd290_0;
    %inv;
    %store/vec4 v0x55a1c75bd290_0, 0, 1;
    %jmp T_1;
    .thread T_1;
    .scope S_0x55a1c756fdc0;
T_2 ;
    %delay 2, 0;
    %load/vec4 v0x55a1c75bd350_0;
    %inv;
    %store/vec4 v0x55a1c75bd350_0, 0, 1;
    %jmp T_2;
    .thread T_2;
    .scope S_0x55a1c756fdc0;
T_3 ;
    %delay 3, 0;
    %load/vec4 v0x55a1c75bd410_0;
    %inv;
    %store/vec4 v0x55a1c75bd410_0, 0, 1;
    %jmp T_3;
    .thread T_3;
    .scope S_0x55a1c756fdc0;
T_4 ;
    %delay 4, 0;
    %load/vec4 v0x55a1c75bd4d0_0;
    %inv;
    %store/vec4 v0x55a1c75bd4d0_0, 0, 1;
    %jmp T_4;
    .thread T_4;
# The file index is used to find the file name in the following table.
:file_names 3;
    "N/A";
    "<interactive>";
    "multiplexer_from_primitives.v";
