#! /usr/bin/vvp
:ivl_version "11.0 (stable)";
:ivl_delay_selection "TYPICAL";
:vpi_time_precision + 0;
:vpi_module "/usr/lib/x86_64-linux-gnu/ivl/system.vpi";
:vpi_module "/usr/lib/x86_64-linux-gnu/ivl/vhdl_sys.vpi";
:vpi_module "/usr/lib/x86_64-linux-gnu/ivl/vhdl_textio.vpi";
:vpi_module "/usr/lib/x86_64-linux-gnu/ivl/v2005_math.vpi";
:vpi_module "/usr/lib/x86_64-linux-gnu/ivl/va_math.vpi";
S_0x557e68a39590 .scope module, "relational_operator" "relational_operator" 2 1;
 .timescale 0 0;
    .scope S_0x557e68a39590;
T_0 ;
    %vpi_call 2 4 "$display", "5 <= 10 = %b", 1'b1 {0 0 0};
    %vpi_call 2 5 "$display", "5 >= 10 = %b", 1'b0 {0 0 0};
    %vpi_call 2 6 "$display", "1'bx <= 10 = %b", 1'bx {0 0 0};
    %vpi_call 2 7 "$display", "1'bz <= 10 = %b", 1'bx {0 0 0};
    %end;
    .thread T_0;
# The file index is used to find the file name in the following table.
:file_names 3;
    "N/A";
    "<interactive>";
    "relational_operator.v";
