#! /usr/bin/vvp
:ivl_version "11.0 (stable)";
:ivl_delay_selection "TYPICAL";
:vpi_time_precision + 0;
:vpi_module "/usr/lib/x86_64-linux-gnu/ivl/system.vpi";
:vpi_module "/usr/lib/x86_64-linux-gnu/ivl/vhdl_sys.vpi";
:vpi_module "/usr/lib/x86_64-linux-gnu/ivl/vhdl_textio.vpi";
:vpi_module "/usr/lib/x86_64-linux-gnu/ivl/v2005_math.vpi";
:vpi_module "/usr/lib/x86_64-linux-gnu/ivl/va_math.vpi";
S_0x55dabaa7fdc0 .scope module, "transmission_gates" "transmission_gates" 2 1;
 .timescale 0 0;
L_0x55dabaaa42c0 .functor BUFIF0 1, v0x55dabaac7e80_0, v0x55dabaac7dc0_0, C4<0>, C4<0>;
L_0x55dabaaa4330 .functor BUF 1, v0x55dabaac7e80_0, C4<0>, C4<0>, C4<0>;
L_0x55dabaac81f0 .functor NOT 1, v0x55dabaac7e80_0, C4<0>, C4<0>, C4<0>;
v0x55dabaa81f30_0 .net8 "data_bus", 0 0, L_0x55dabaaa42c0;  1 drivers, strength-aware
v0x55dabaac7dc0_0 .var "data_enable_low", 0 0;
v0x55dabaac7e80_0 .var "in", 0 0;
v0x55dabaac7f20_0 .net "out1", 0 0, L_0x55dabaaa4330;  1 drivers
v0x55dabaac7fe0_0 .net "out2", 0 0, L_0x55dabaac81f0;  1 drivers
    .scope S_0x55dabaa7fdc0;
T_0 ;
    %vpi_call 2 11 "$monitor", "in = %b data_enable_low = %b out1 = %b out2 = %b", v0x55dabaac7e80_0, v0x55dabaac7dc0_0, v0x55dabaac7f20_0, v0x55dabaac7fe0_0 {0 0 0};
    %pushi/vec4 0, 0, 1;
    %store/vec4 v0x55dabaac7dc0_0, 0, 1;
    %pushi/vec4 0, 0, 1;
    %store/vec4 v0x55dabaac7e80_0, 0, 1;
    %delay 4, 0;
    %pushi/vec4 1, 0, 1;
    %store/vec4 v0x55dabaac7dc0_0, 0, 1;
    %delay 8, 0;
    %vpi_call 2 16 "$finish" {0 0 0};
    %end;
    .thread T_0;
    .scope S_0x55dabaa7fdc0;
T_1 ;
    %delay 2, 0;
    %load/vec4 v0x55dabaac7e80_0;
    %inv;
    %store/vec4 v0x55dabaac7e80_0, 0, 1;
    %jmp T_1;
    .thread T_1;
# The file index is used to find the file name in the following table.
:file_names 3;
    "N/A";
    "<interactive>";
    "transmission_gates.v";
