#! /usr/bin/vvp
:ivl_version "11.0 (stable)";
:ivl_delay_selection "TYPICAL";
:vpi_time_precision + 0;
:vpi_module "/usr/lib/x86_64-linux-gnu/ivl/system.vpi";
:vpi_module "/usr/lib/x86_64-linux-gnu/ivl/vhdl_sys.vpi";
:vpi_module "/usr/lib/x86_64-linux-gnu/ivl/vhdl_textio.vpi";
:vpi_module "/usr/lib/x86_64-linux-gnu/ivl/v2005_math.vpi";
:vpi_module "/usr/lib/x86_64-linux-gnu/ivl/va_math.vpi";
S_0x55b5b9808df0 .scope module, "count_up" "count_up" 2 1;
 .timescale 0 0;
v0x55b5b980a830_0 .var "a", 3 0;
v0x55b5b980b190_0 .var "clk", 0 0;
E_0x55b5b9809260 .event posedge, v0x55b5b980b190_0;
    .scope S_0x55b5b9808df0;
T_0 ;
    %pushi/vec4 1, 0, 1;
    %store/vec4 v0x55b5b980b190_0, 0, 1;
    %pushi/vec4 0, 0, 4;
    %store/vec4 v0x55b5b980a830_0, 0, 4;
    %vpi_call 2 10 "$dumpfile", "trial.vcd" {0 0 0};
    %vpi_call 2 11 "$dumpvars", 32'sb00000000000000000000000000000000, S_0x55b5b9808df0 {0 0 0};
    %end;
    .thread T_0;
    .scope S_0x55b5b9808df0;
T_1 ;
    %wait E_0x55b5b9809260;
    %vpi_call 2 15 "$display", "a = %b", v0x55b5b980a830_0 {0 0 0};
    %load/vec4 v0x55b5b980a830_0;
    %addi 1, 0, 4;
    %store/vec4 v0x55b5b980a830_0, 0, 4;
    %load/vec4 v0x55b5b980a830_0;
    %cmpi/e 0, 0, 4;
    %jmp/0xz  T_1.0, 6;
    %vpi_call 2 18 "$finish" {0 0 0};
T_1.0 ;
    %jmp T_1;
    .thread T_1;
    .scope S_0x55b5b9808df0;
T_2 ;
    %delay 1, 0;
    %load/vec4 v0x55b5b980b190_0;
    %inv;
    %store/vec4 v0x55b5b980b190_0, 0, 1;
    %jmp T_2;
    .thread T_2;
# The file index is used to find the file name in the following table.
:file_names 3;
    "N/A";
    "<interactive>";
    "trial.v";
