#! /usr/bin/vvp
:ivl_version "11.0 (stable)";
:ivl_delay_selection "TYPICAL";
:vpi_time_precision + 0;
:vpi_module "/usr/lib/x86_64-linux-gnu/ivl/system.vpi";
:vpi_module "/usr/lib/x86_64-linux-gnu/ivl/vhdl_sys.vpi";
:vpi_module "/usr/lib/x86_64-linux-gnu/ivl/vhdl_textio.vpi";
:vpi_module "/usr/lib/x86_64-linux-gnu/ivl/v2005_math.vpi";
:vpi_module "/usr/lib/x86_64-linux-gnu/ivl/va_math.vpi";
S_0x560511d7d380 .scope module, "decrementer_tb" "decrementer_tb" 2 33;
 .timescale 0 0;
v0x560511da41d0_0 .net "count", 3 0, v0x560511da3ef0_0;  1 drivers
v0x560511da42c0_0 .var "initial_value", 3 0;
v0x560511da4380_0 .var "load", 0 0;
S_0x560511d92dc0 .scope module, "D0" "decrementer" 2 44, 2 1 0, S_0x560511d7d380;
 .timescale 0 0;
    .port_info 0 /INPUT 1 "load";
    .port_info 1 /INPUT 4 "initial_value";
    .port_info 2 /OUTPUT 4 "count";
v0x560511d59f30_0 .var "clock_reset", 0 0;
v0x560511da3ef0_0 .var "count", 3 0;
L_0x7f1fa4443018 .functor BUFT 1, C4<1111>, C4<0>, C4<0>, C4<0>;
RS_0x7f1fa448c078 .resolv tri, L_0x7f1fa4443018, v0x560511da42c0_0;
v0x560511da3fd0_0 .net8 "initial_value", 3 0, RS_0x7f1fa448c078;  2 drivers
v0x560511da4090_0 .net "load", 0 0, v0x560511da4380_0;  1 drivers
E_0x560511d90480 .event posedge, v0x560511d59f30_0;
    .scope S_0x560511d92dc0;
T_0 ;
    %wait E_0x560511d90480;
    %load/vec4 v0x560511da4090_0;
    %cmpi/e 1, 0, 1;
    %jmp/0xz  T_0.0, 4;
    %vpi_call 2 14 "$display", "\012Load %b", v0x560511da4090_0 {0 0 0};
    %delay 1, 0;
    %load/vec4 v0x560511da3fd0_0;
    %store/vec4 v0x560511da3ef0_0, 0, 4;
    %vpi_call 2 16 "$display", "Counting: %b", v0x560511da3ef0_0 {0 0 0};
T_0.0 ;
    %load/vec4 v0x560511da3ef0_0;
    %cmpi/e 0, 0, 4;
    %jmp/0xz  T_0.2, 4;
    %vpi_call 2 20 "$display", "Countdown: %b", v0x560511da3ef0_0 {0 0 0};
    %vpi_call 2 21 "$finish" {0 0 0};
    %jmp T_0.3;
T_0.2 ;
    ; show_stmt_assign_vector: Get l-value for compressed -= operand
    %load/vec4 v0x560511da3ef0_0;
    %pushi/vec4 1, 0, 4;
    %sub;
    %store/vec4 v0x560511da3ef0_0, 0, 4;
    %load/vec4 v0x560511da3ef0_0;
    %cmpi/u 0, 0, 4;
    %flag_or 5, 4; GT is !LE
    %flag_inv 5;
    %jmp/0xz  T_0.4, 5;
    %vpi_call 2 24 "$display", "Counting: %b", v0x560511da3ef0_0 {0 0 0};
T_0.4 ;
T_0.3 ;
    %jmp T_0;
    .thread T_0;
    .scope S_0x560511d92dc0;
T_1 ;
    %delay 1, 0;
    %load/vec4 v0x560511d59f30_0;
    %inv;
    %assign/vec4 v0x560511d59f30_0, 0;
    %jmp T_1;
    .thread T_1;
    .scope S_0x560511d7d380;
T_2 ;
    %pushi/vec4 1, 0, 1;
    %store/vec4 v0x560511da4380_0, 0, 1;
    %pushi/vec4 15, 0, 4;
    %store/vec4 v0x560511da42c0_0, 0, 4;
    %end;
    .thread T_2;
# The file index is used to find the file name in the following table.
:file_names 3;
    "N/A";
    "<interactive>";
    "decrementer.v";
