#! /usr/bin/vvp
:ivl_version "11.0 (stable)";
:ivl_delay_selection "TYPICAL";
:vpi_time_precision + 0;
:vpi_module "/usr/lib/x86_64-linux-gnu/ivl/system.vpi";
:vpi_module "/usr/lib/x86_64-linux-gnu/ivl/vhdl_sys.vpi";
:vpi_module "/usr/lib/x86_64-linux-gnu/ivl/vhdl_textio.vpi";
:vpi_module "/usr/lib/x86_64-linux-gnu/ivl/v2005_math.vpi";
:vpi_module "/usr/lib/x86_64-linux-gnu/ivl/va_math.vpi";
S_0x55c284711740 .scope module, "four_deep_fifo_tb" "four_deep_fifo_tb" 2 74;
 .timescale 0 0;
v0x55c28472e920_0 .var "clk", 0 0;
v0x55c28472e9e0_0 .var "data_in", 1 0;
v0x55c28472eab0_0 .net "data_out", 1 0, v0x55c28472dfd0_0;  1 drivers
v0x55c28472ebb0_0 .net "empty", 0 0, v0x55c28472e100_0;  1 drivers
v0x55c28472ec80_0 .net "full", 0 0, v0x55c28472e1c0_0;  1 drivers
v0x55c28472ed20_0 .net "index_out", 3 0, v0x55c28472e440_0;  1 drivers
v0x55c28472edf0_0 .var "pop", 0 0;
v0x55c28472eec0_0 .var "push", 0 0;
S_0x55c2847118d0 .scope module, "F0" "four_deep_fifo" 2 112, 2 1 0, S_0x55c284711740;
 .timescale 0 0;
    .port_info 0 /INPUT 1 "clk";
    .port_info 1 /INPUT 2 "data_in";
    .port_info 2 /INPUT 1 "push";
    .port_info 3 /INPUT 1 "pop";
    .port_info 4 /OUTPUT 1 "full";
    .port_info 5 /OUTPUT 1 "empty";
    .port_info 6 /OUTPUT 2 "data_out";
    .port_info 7 /OUTPUT 4 "index_out";
L_0x55c2846fc9e0 .functor OR 1, v0x55c28472e920_0, v0x55c28472edf0_0, C4<0>, C4<0>;
L_0x55c2846fca50 .functor OR 1, L_0x55c2846fc9e0, v0x55c28472eec0_0, C4<0>, C4<0>;
v0x55c2846fcbc0_0 .net *"_ivl_4", 0 0, L_0x55c2846fc9e0;  1 drivers
v0x55c2846fcc60_0 .net *"_ivl_6", 0 0, L_0x55c2846fca50;  1 drivers
v0x55c28472de50_0 .net "clk", 0 0, v0x55c28472e920_0;  1 drivers
v0x55c28472def0_0 .net "data_in", 1 0, v0x55c28472e9e0_0;  1 drivers
v0x55c28472dfd0_0 .var "data_out", 1 0;
v0x55c28472e100_0 .var "empty", 0 0;
v0x55c28472e1c0_0 .var "full", 0 0;
v0x55c28472e280_0 .var/i "i", 31 0;
v0x55c28472e360_0 .var/i "index", 31 0;
v0x55c28472e440_0 .var "index_out", 3 0;
v0x55c28472e520_0 .net "pop", 0 0, v0x55c28472edf0_0;  1 drivers
v0x55c28472e5e0_0 .net "push", 0 0, v0x55c28472eec0_0;  1 drivers
v0x55c28472e6a0 .array "queue", 3 0, 1 0;
v0x55c28472e760_0 .var "requeue", 0 0;
E_0x55c28470ac80 .event posedge, L_0x55c2846fca50;
E_0x55c28470a8f0 .event posedge, v0x55c28472e760_0;
    .scope S_0x55c2847118d0;
T_0 ;
    %pushi/vec4 0, 0, 32;
    %store/vec4 v0x55c28472e360_0, 0, 32;
    %pushi/vec4 0, 0, 32;
    %store/vec4 v0x55c28472e280_0, 0, 32;
    %end;
    .thread T_0;
    .scope S_0x55c2847118d0;
T_1 ;
    %load/vec4 v0x55c28472e360_0;
    %pad/s 4;
    %cassign/vec4 v0x55c28472e440_0;
    %cassign/link v0x55c28472e440_0, v0x55c28472e360_0;
    %end;
    .thread T_1;
    .scope S_0x55c2847118d0;
T_2 ;
    %wait E_0x55c28470a8f0;
    %pushi/vec4 0, 0, 32;
    %store/vec4 v0x55c28472e280_0, 0, 32;
T_2.0 ;
    %load/vec4 v0x55c28472e280_0;
    %cmpi/s 2, 0, 32;
    %flag_or 5, 4;
    %jmp/0xz T_2.1, 5;
    %load/vec4 v0x55c28472e280_0;
    %pad/s 33;
    %addi 1, 0, 33;
    %ix/vec4/s 4;
    %load/vec4a v0x55c28472e6a0, 4;
    %ix/getv/s 4, v0x55c28472e280_0;
    %store/vec4a v0x55c28472e6a0, 4, 0;
    %load/vec4 v0x55c28472e360_0;
    %cmpi/e 1, 0, 32;
    %jmp/0xz  T_2.2, 4;
    %pushi/vec4 3, 0, 32;
    %store/vec4 v0x55c28472e280_0, 0, 32;
T_2.2 ;
    %jmp T_2.0;
T_2.1 ;
    %jmp T_2;
    .thread T_2;
    .scope S_0x55c2847118d0;
T_3 ;
    %wait E_0x55c28470ac80;
    %load/vec4 v0x55c28472e5e0_0;
    %cmpi/e 1, 0, 1;
    %jmp/0xz  T_3.0, 4;
    %load/vec4 v0x55c28472e1c0_0;
    %flag_set/vec4 8;
    %jmp/0xz  T_3.2, 8;
    %ix/load 4, 0, 0;
    %flag_set/imm 4, 0;
    %load/vec4a v0x55c28472e6a0, 4;
    %store/vec4 v0x55c28472dfd0_0, 0, 2;
    %pushi/vec4 1, 0, 1;
    %store/vec4 v0x55c28472e760_0, 0, 1;
    %delay 1, 0;
    %load/vec4 v0x55c28472def0_0;
    %ix/load 4, 3, 0;
    %flag_set/imm 4, 0;
    %store/vec4a v0x55c28472e6a0, 4, 0;
    %pushi/vec4 0, 0, 1;
    %store/vec4 v0x55c28472e760_0, 0, 1;
    %jmp T_3.3;
T_3.2 ;
    %load/vec4 v0x55c28472def0_0;
    %ix/getv/s 4, v0x55c28472e360_0;
    %store/vec4a v0x55c28472e6a0, 4, 0;
    %vpi_call 2 48 "$display", "Pushed %b, %b, %b", &A<v0x55c28472e6a0, v0x55c28472e360_0 >, v0x55c28472def0_0, v0x55c28472e360_0 {0 0 0};
    %load/vec4 v0x55c28472e360_0;
    %addi 1, 0, 32;
    %store/vec4 v0x55c28472e360_0, 0, 32;
    %load/vec4 v0x55c28472e360_0;
    %cmpi/e 4, 0, 32;
    %jmp/0xz  T_3.4, 4;
    %pushi/vec4 1, 0, 1;
    %store/vec4 v0x55c28472e1c0_0, 0, 1;
T_3.4 ;
T_3.3 ;
    %pushi/vec4 0, 0, 1;
    %store/vec4 v0x55c28472e100_0, 0, 1;
    %jmp T_3.1;
T_3.0 ;
    %load/vec4 v0x55c28472e520_0;
    %cmpi/e 1, 0, 1;
    %jmp/0xz  T_3.6, 4;
    %load/vec4 v0x55c28472e100_0;
    %flag_set/vec4 8;
    %jmp/0xz  T_3.8, 8;
    %pushi/vec4 0, 0, 2;
    %store/vec4 v0x55c28472dfd0_0, 0, 2;
    %vpi_call 2 56 "$display", "You empty?" {0 0 0};
    %jmp T_3.9;
T_3.8 ;
    %vpi_call 2 58 "$display", "Popped %b from 0, index -> %b", &A<v0x55c28472e6a0, 0>, v0x55c28472e360_0 {0 0 0};
    %ix/load 4, 0, 0;
    %flag_set/imm 4, 0;
    %load/vec4a v0x55c28472e6a0, 4;
    %store/vec4 v0x55c28472dfd0_0, 0, 2;
    %delay 1, 0;
    %pushi/vec4 1, 0, 1;
    %store/vec4 v0x55c28472e760_0, 0, 1;
    %load/vec4 v0x55c28472e360_0;
    %subi 1, 0, 32;
    %store/vec4 v0x55c28472e360_0, 0, 32;
    %load/vec4 v0x55c28472e360_0;
    %cmpi/e 0, 0, 32;
    %jmp/0xz  T_3.10, 4;
    %pushi/vec4 1, 0, 1;
    %store/vec4 v0x55c28472e100_0, 0, 1;
T_3.10 ;
    %delay 1, 0;
    %pushi/vec4 0, 0, 1;
    %store/vec4 v0x55c28472e760_0, 0, 1;
    %vpi_call 2 64 "$display", "current index : %b", v0x55c28472e360_0 {0 0 0};
T_3.9 ;
    %pushi/vec4 0, 0, 1;
    %store/vec4 v0x55c28472e1c0_0, 0, 1;
T_3.6 ;
T_3.1 ;
    %jmp T_3;
    .thread T_3;
    .scope S_0x55c284711740;
T_4 ;
    %pushi/vec4 0, 0, 1;
    %store/vec4 v0x55c28472e920_0, 0, 1;
    %pushi/vec4 0, 0, 1;
    %store/vec4 v0x55c28472eec0_0, 0, 1;
    %pushi/vec4 0, 0, 1;
    %store/vec4 v0x55c28472edf0_0, 0, 1;
    %pushi/vec4 0, 0, 2;
    %store/vec4 v0x55c28472e9e0_0, 0, 2;
    %vpi_call 2 88 "$monitor", "data_in - %b, data_out - %b, push - %b, pop - %b, empty - %b, full - %b\011INDEX - %g", v0x55c28472e9e0_0, v0x55c28472eab0_0, v0x55c28472eec0_0, v0x55c28472edf0_0, v0x55c28472ebb0_0, v0x55c28472ec80_0, v0x55c28472ed20_0 {0 0 0};
    %delay 1, 0;
    %pushi/vec4 2, 0, 2;
    %store/vec4 v0x55c28472e9e0_0, 0, 2;
    %pushi/vec4 1, 0, 1;
    %store/vec4 v0x55c28472eec0_0, 0, 1;
    %delay 1, 0;
    %pushi/vec4 0, 0, 1;
    %store/vec4 v0x55c28472eec0_0, 0, 1;
    %delay 1, 0;
    %pushi/vec4 3, 0, 2;
    %store/vec4 v0x55c28472e9e0_0, 0, 2;
    %pushi/vec4 1, 0, 1;
    %store/vec4 v0x55c28472eec0_0, 0, 1;
    %delay 1, 0;
    %pushi/vec4 0, 0, 1;
    %store/vec4 v0x55c28472eec0_0, 0, 1;
    %delay 1, 0;
    %pushi/vec4 1, 0, 2;
    %store/vec4 v0x55c28472e9e0_0, 0, 2;
    %pushi/vec4 1, 0, 1;
    %store/vec4 v0x55c28472eec0_0, 0, 1;
    %delay 1, 0;
    %pushi/vec4 0, 0, 1;
    %store/vec4 v0x55c28472eec0_0, 0, 1;
    %delay 1, 0;
    %pushi/vec4 3, 0, 2;
    %store/vec4 v0x55c28472e9e0_0, 0, 2;
    %pushi/vec4 1, 0, 1;
    %store/vec4 v0x55c28472eec0_0, 0, 1;
    %delay 1, 0;
    %pushi/vec4 0, 0, 1;
    %store/vec4 v0x55c28472eec0_0, 0, 1;
    %delay 1, 0;
    %pushi/vec4 1, 0, 2;
    %store/vec4 v0x55c28472e9e0_0, 0, 2;
    %pushi/vec4 1, 0, 1;
    %store/vec4 v0x55c28472eec0_0, 0, 1;
    %delay 1, 0;
    %pushi/vec4 0, 0, 1;
    %store/vec4 v0x55c28472eec0_0, 0, 1;
    %delay 1, 0;
    %pushi/vec4 1, 0, 1;
    %store/vec4 v0x55c28472edf0_0, 0, 1;
    %delay 1, 0;
    %pushi/vec4 0, 0, 1;
    %store/vec4 v0x55c28472edf0_0, 0, 1;
    %delay 2, 0;
    %vpi_call 2 109 "$finish" {0 0 0};
    %end;
    .thread T_4;
    .scope S_0x55c284711740;
T_5 ;
    %delay 1, 0;
    %load/vec4 v0x55c28472e920_0;
    %inv;
    %store/vec4 v0x55c28472e920_0, 0, 1;
    %jmp T_5;
    .thread T_5;
# The file index is used to find the file name in the following table.
:file_names 3;
    "N/A";
    "<interactive>";
    "four_deep_fifo.v";
