#! /usr/bin/vvp
:ivl_version "11.0 (stable)";
:ivl_delay_selection "TYPICAL";
:vpi_time_precision + 0;
:vpi_module "/usr/lib/x86_64-linux-gnu/ivl/system.vpi";
:vpi_module "/usr/lib/x86_64-linux-gnu/ivl/vhdl_sys.vpi";
:vpi_module "/usr/lib/x86_64-linux-gnu/ivl/vhdl_textio.vpi";
:vpi_module "/usr/lib/x86_64-linux-gnu/ivl/v2005_math.vpi";
:vpi_module "/usr/lib/x86_64-linux-gnu/ivl/va_math.vpi";
S_0x5610cb704f40 .scope module, "memory_tb" "memory_tb" 2 29;
 .timescale 0 0;
v0x5610cb718b50_0 .var "addr", 7 0;
v0x5610cb718c30_0 .var "clk", 0 0;
v0x5610cb718d00_0 .var "data", 7 0;
v0x5610cb718e00_0 .net "out", 7 0, v0x5610cb718910_0;  1 drivers
v0x5610cb718ed0_0 .var "w", 0 0;
S_0x5610cb7050d0 .scope module, "M0" "memory" 2 50, 2 1 0, S_0x5610cb704f40;
 .timescale 0 0;
    .port_info 0 /INPUT 8 "addr";
    .port_info 1 /INPUT 1 "w";
    .port_info 2 /INPUT 1 "clk";
    .port_info 3 /INPUT 8 "data";
    .port_info 4 /OUTPUT 8 "out";
v0x5610cb6cb830_0 .net "addr", 7 0, v0x5610cb718b50_0;  1 drivers
v0x5610cb6cc190_0 .net "clk", 0 0, v0x5610cb718c30_0;  1 drivers
v0x5610cb6cbf30_0 .net "data", 7 0, v0x5610cb718d00_0;  1 drivers
v0x5610cb718720_0 .var/i "i", 31 0;
v0x5610cb718800 .array "mem", 255 0, 7 0;
v0x5610cb718910_0 .var "out", 7 0;
v0x5610cb7189f0_0 .net "w", 0 0, v0x5610cb718ed0_0;  1 drivers
E_0x5610cb7025c0 .event posedge, v0x5610cb6cc190_0;
    .scope S_0x5610cb7050d0;
T_0 ;
    %wait E_0x5610cb7025c0;
    %pushi/vec4 0, 0, 32;
    %store/vec4 v0x5610cb718720_0, 0, 32;
T_0.0 ;
    %load/vec4 v0x5610cb718720_0;
    %cmpi/s 255, 0, 32;
    %flag_or 5, 4;
    %jmp/0xz T_0.1, 5;
    %load/vec4 v0x5610cb718720_0;
    %load/vec4 v0x5610cb6cb830_0;
    %pad/u 32;
    %cmp/e;
    %jmp/0xz  T_0.2, 4;
    %load/vec4 v0x5610cb7189f0_0;
    %cmpi/e 1, 0, 1;
    %jmp/0xz  T_0.4, 4;
    %load/vec4 v0x5610cb6cbf30_0;
    %ix/getv/s 3, v0x5610cb718720_0;
    %ix/load 4, 0, 0; Constant delay
    %assign/vec4/a/d v0x5610cb718800, 0, 4;
    %jmp T_0.5;
T_0.4 ;
    %ix/getv/s 4, v0x5610cb718720_0;
    %load/vec4a v0x5610cb718800, 4;
    %assign/vec4 v0x5610cb718910_0, 0;
T_0.5 ;
T_0.2 ;
    %load/vec4 v0x5610cb718720_0;
    %addi 1, 0, 32;
    %store/vec4 v0x5610cb718720_0, 0, 32;
    %jmp T_0.0;
T_0.1 ;
    %jmp T_0;
    .thread T_0;
    .scope S_0x5610cb704f40;
T_1 ;
    %vpi_call 2 36 "$monitor", "Addr (%b) -> Out %b ---Data:(%b) w-%b", v0x5610cb718b50_0, v0x5610cb718e00_0, v0x5610cb718d00_0, v0x5610cb718ed0_0 {0 0 0};
    %pushi/vec4 0, 0, 1;
    %store/vec4 v0x5610cb718c30_0, 0, 1;
    %pushi/vec4 0, 0, 1;
    %store/vec4 v0x5610cb718ed0_0, 0, 1;
    %delay 1, 0;
    %pushi/vec4 85, 0, 8;
    %store/vec4 v0x5610cb718b50_0, 0, 8;
    %pushi/vec4 1, 0, 1;
    %store/vec4 v0x5610cb718ed0_0, 0, 1;
    %pushi/vec4 86, 0, 8;
    %store/vec4 v0x5610cb718d00_0, 0, 8;
    %delay 1, 0;
    %pushi/vec4 0, 0, 1;
    %store/vec4 v0x5610cb718ed0_0, 0, 1;
    %pushi/vec4 246, 0, 8;
    %store/vec4 v0x5610cb718d00_0, 0, 8;
    %delay 1, 0;
    %vpi_call 2 47 "$finish" {0 0 0};
    %end;
    .thread T_1;
    .scope S_0x5610cb704f40;
T_2 ;
    %delay 1, 0;
    %load/vec4 v0x5610cb718c30_0;
    %inv;
    %store/vec4 v0x5610cb718c30_0, 0, 1;
    %jmp T_2;
    .thread T_2;
# The file index is used to find the file name in the following table.
:file_names 3;
    "N/A";
    "<interactive>";
    "memory.v";
