#! /usr/bin/vvp
:ivl_version "11.0 (stable)";
:ivl_delay_selection "TYPICAL";
:vpi_time_precision + 0;
:vpi_module "/usr/lib/x86_64-linux-gnu/ivl/system.vpi";
:vpi_module "/usr/lib/x86_64-linux-gnu/ivl/vhdl_sys.vpi";
:vpi_module "/usr/lib/x86_64-linux-gnu/ivl/vhdl_textio.vpi";
:vpi_module "/usr/lib/x86_64-linux-gnu/ivl/v2005_math.vpi";
:vpi_module "/usr/lib/x86_64-linux-gnu/ivl/va_math.vpi";
S_0x55b3076e4d90 .scope module, "simple_memory" "simple_memory" 2 1;
 .timescale 0 0;
v0x55b3076f7f70_0 .var/i "i", 31 0;
v0x55b3076e6830 .array "my_memory", 255 0, 7 0;
    .scope S_0x55b3076e4d90;
T_0 ;
    %vpi_call 2 7 "$readmemb", "memory.list", v0x55b3076e6830, 3'b101 {0 0 0};
    %pushi/vec4 0, 0, 32;
    %store/vec4 v0x55b3076f7f70_0, 0, 32;
T_0.0 ;
    %load/vec4 v0x55b3076f7f70_0;
    %cmpi/s 256, 0, 32;
    %jmp/0xz T_0.1, 5;
    %vpi_call 2 9 "$display", &A<v0x55b3076e6830, v0x55b3076f7f70_0 > {0 0 0};
    %load/vec4 v0x55b3076f7f70_0;
    %addi 1, 0, 32;
    %store/vec4 v0x55b3076f7f70_0, 0, 32;
    %jmp T_0.0;
T_0.1 ;
    %end;
    .thread T_0;
# The file index is used to find the file name in the following table.
:file_names 3;
    "N/A";
    "<interactive>";
    "simple_memory.v";
