#! /usr/bin/vvp
:ivl_version "11.0 (stable)";
:ivl_delay_selection "TYPICAL";
:vpi_time_precision + 0;
:vpi_module "/usr/lib/x86_64-linux-gnu/ivl/system.vpi";
:vpi_module "/usr/lib/x86_64-linux-gnu/ivl/vhdl_sys.vpi";
:vpi_module "/usr/lib/x86_64-linux-gnu/ivl/vhdl_textio.vpi";
:vpi_module "/usr/lib/x86_64-linux-gnu/ivl/v2005_math.vpi";
:vpi_module "/usr/lib/x86_64-linux-gnu/ivl/va_math.vpi";
S_0x55a6cc268d90 .scope module, "trial" "trial" 2 1;
 .timescale 0 0;
P_0x55a6cc268f20 .param/str "mem_store" 0 2 3, "solid_state.list";
v0x55a6cc26a830_0 .var/i "j", 31 0;
v0x55a6cc26b190_0 .var/i "k", 31 0;
v0x55a6cc26af30 .array "ram", 15 0, 7 0;
    .scope S_0x55a6cc268d90;
T_0 ;
    %vpi_func 2 10 "$fopen" 32, P_0x55a6cc268f20, "a" {0 0 0};
    %store/vec4 v0x55a6cc26b190_0, 0, 32;
    %pushi/vec4 0, 0, 32;
    %store/vec4 v0x55a6cc26a830_0, 0, 32;
T_0.0 ;
    %load/vec4 v0x55a6cc26a830_0;
    %cmpi/s 15, 0, 32;
    %flag_or 5, 4;
    %jmp/0xz T_0.1, 5;
    %load/vec4 v0x55a6cc26a830_0;
    %cmpi/e 0, 0, 32;
    %jmp/0xz  T_0.2, 4;
    %vpi_func 2 12 "$fopen" 32, P_0x55a6cc268f20 {0 0 0};
    %vpi_call 2 12 "$fwriteb", S<0,vec4,s32>, "\000" {1 0 0};
T_0.2 ;
    %vpi_call 2 14 "$fwriteb", v0x55a6cc26b190_0, &A<v0x55a6cc26af30, v0x55a6cc26a830_0 > {0 0 0};
    %vpi_call 2 15 "$fwrite", v0x55a6cc26b190_0, "\012" {0 0 0};
    %load/vec4 v0x55a6cc26a830_0;
    %addi 1, 0, 32;
    %store/vec4 v0x55a6cc26a830_0, 0, 32;
    %jmp T_0.0;
T_0.1 ;
    %vpi_call 2 17 "$fclose", v0x55a6cc26b190_0 {0 0 0};
    %vpi_call 2 19 "$readmemb", P_0x55a6cc268f20, v0x55a6cc26af30 {0 0 0};
    %end;
    .thread T_0;
# The file index is used to find the file name in the following table.
:file_names 3;
    "N/A";
    "<interactive>";
    "trial.v";
